/Users/juansantiago/.matplotlib is not a writable directory
Matplotlib created a temporary cache directory at /var/folders/px/2fj70_6s1f93ss6ss8sv7vn80000gn/T/matplotlib-vonk7_5_ because there was an issue with the default path (/Users/juansantiago/.matplotlib); it is highly recommended to set the MPLCONFIGDIR environment variable to a writable directory, in particular to speed up the import of Matplotlib and to better support multiprocessing.

Fontconfig error: No writable cache directories
	/opt/homebrew/var/cache/fontconfig
	/Users/juansantiago/.cache/fontconfig
	/Users/juansantiago/.fontconfig

Fontconfig error: No writable cache directories
	/opt/homebrew/var/cache/fontconfig
	/Users/juansantiago/.cache/fontconfig
	/Users/juansantiago/.fontconfig

Fontconfig error: No writable cache directories
	/opt/homebrew/var/cache/fontconfig
	/Users/juansantiago/.cache/fontconfig
	/Users/juansantiago/.fontconfig

Fontconfig error: No writable cache directories
	/opt/homebrew/var/cache/fontconfig
	/Users/juansantiago/.cache/fontconfig
	/Users/juansantiago/.fontconfig

Fontconfig error: No writable cache directories
	/opt/homebrew/var/cache/fontconfig
	/Users/juansantiago/.cache/fontconfig
	/Users/juansantiago/.fontconfig

Fontconfig error: No writable cache directories
	/opt/homebrew/var/cache/fontconfig
	/Users/juansantiago/.cache/fontconfig
	/Users/juansantiago/.fontconfig

Fontconfig error: No writable cache directories
	/opt/homebrew/var/cache/fontconfig
	/Users/juansantiago/.cache/fontconfig
	/Users/juansantiago/.fontconfig

Fontconfig error: No writable cache directories
	/opt/homebrew/var/cache/fontconfig
	/Users/juansantiago/.cache/fontconfig
	/Users/juansantiago/.fontconfig

Fontconfig error: No writable cache directories
	/opt/homebrew/var/cache/fontconfig
	/Users/juansantiago/.cache/fontconfig
	/Users/juansantiago/.fontconfig

Fontconfig error: No writable cache directories
	/opt/homebrew/var/cache/fontconfig
	/Users/juansantiago/.cache/fontconfig
	/Users/juansantiago/.fontconfig
2026-04-29 19:43:44.619 system_profiler[39352:12775635] XType: Using static font registry.
Matplotlib is building the font cache; this may take a moment.
Loading cached SVM features from /Users/juansantiago/Desktop/MIT Classes 2023-2027/Spring 2026/6.S955/FinalProject/6.S955_project/paper_replication/work/svm_features/X_original_file_level.npy

================ SVM experiment_1 fold_0 ================
Best params: {'C': 1000, 'gamma': 0.001, 'kernel': 'rbf'}
Accuracy: 0.592593
Macro F1: 0.547092
                   precision    recall  f1-score   support

alternate picking       0.73      0.89      0.80        18
           legato       0.67      0.78      0.72        18
          tapping       0.59      0.72      0.65        18
    sweep picking       1.00      0.33      0.50         9
          vibrato       0.75      0.67      0.71         9
        hammer on       0.00      0.00      0.00         9
         pull off       0.00      0.00      0.00         9
            slide       0.86      0.67      0.75         9
             bend       1.00      0.67      0.80         9

         accuracy                           0.59       108
        macro avg       0.62      0.52      0.55       108
     weighted avg       0.63      0.59      0.59       108


================ SVM experiment_1 fold_1 ================
Best params: {'C': 50, 'gamma': 0.001, 'kernel': 'rbf'}
Accuracy: 0.601852
Macro F1: 0.480135
                   precision    recall  f1-score   support

alternate picking       0.95      1.00      0.97        18
           legato       0.79      0.83      0.81        18
          tapping       0.65      0.94      0.77        18
    sweep picking       0.00      0.00      0.00         9
          vibrato       0.88      0.78      0.82         9
        hammer on       0.00      0.00      0.00         9
         pull off       0.00      0.00      0.00         9
            slide       0.00      0.00      0.00         9
             bend       1.00      0.89      0.94         9

         accuracy                           0.60       108
        macro avg       0.47      0.49      0.48       108
     weighted avg       0.55      0.60      0.57       108


================ SVM experiment_1 fold_2 ================
Best params: {'C': 50, 'gamma': 0.001, 'kernel': 'rbf'}
Accuracy: 0.648148
Macro F1: 0.632236
                   precision    recall  f1-score   support

alternate picking       0.90      1.00      0.95        18
           legato       0.61      0.78      0.68        18
          tapping       0.67      0.33      0.44        18
    sweep picking       0.90      1.00      0.95         9
          vibrato       1.00      0.44      0.62         9
        hammer on       0.10      0.11      0.11         9
         pull off       0.00      0.00      0.00         9
            slide       0.90      1.00      0.95         9
             bend       1.00      1.00      1.00         9

         accuracy                           0.65       108
        macro avg       0.68      0.63      0.63       108
     weighted avg       0.69      0.65      0.65       108


================ SVM experiment_1 fold_3 ================
Best params: {'C': 50, 'gamma': 0.001, 'kernel': 'rbf'}
Accuracy: 0.722222
Macro F1: 0.684791
                   precision    recall  f1-score   support

alternate picking       0.95      1.00      0.97        18
           legato       1.00      0.72      0.84        18
          tapping       0.67      1.00      0.80        18
    sweep picking       1.00      0.78      0.88         9
          vibrato       1.00      0.78      0.88         9
        hammer on       0.08      0.11      0.09         9
         pull off       0.20      0.22      0.21         9
            slide       1.00      0.33      0.50         9
             bend       1.00      1.00      1.00         9

         accuracy                           0.72       108
        macro avg       0.77      0.66      0.68       108
     weighted avg       0.79      0.72      0.73       108


================ SVM experiment_1 fold_4 ================
Best params: {'C': 100, 'gamma': 0.001, 'kernel': 'rbf'}
Accuracy: 0.657407
Macro F1: 0.634016
                   precision    recall  f1-score   support

alternate picking       0.94      0.94      0.94        18
           legato       0.72      0.72      0.72        18
          tapping       0.75      0.83      0.79        18
    sweep picking       1.00      0.78      0.88         9
          vibrato       1.00      0.78      0.88         9
        hammer on       0.00      0.00      0.00         9
         pull off       0.00      0.00      0.00         9
            slide       1.00      0.33      0.50         9
             bend       1.00      1.00      1.00         9

         accuracy                           0.66       108
        macro avg       0.71      0.60      0.63       108
     weighted avg       0.74      0.66      0.68       108

{
  "experiment_id": "experiment_1",
  "method": "svm",
  "split_schema": "folds",
  "num_folds": 5,
  "accuracy_mean_pct": 64.44444444444444,
  "accuracy_std_pct": 4.633331853035854,
  "f1_mean_pct": 59.565401617493244,
  "f1_std_pct": 7.274347746140533,
  "feature_matrix_shape": [
    549,
    136
  ],
  "feature_granularity": "original_repo_file_level_long_term_average",
  "runtime_seconds": 9.49944281578064,
  "paper_target": {
    "accuracy_pct": 67.8,
    "f1_pct": 62.3,
    "f1_std_pct": 11.6
  },
  "notes": [
    "Uses the original repository pyAudioAnalysis directory_feature_extraction path.",
    "That original helper long-term-averages each WAV into one feature vector, despite the paper prose describing 1-second segment vectors."
  ]
}
