Torch version: 2.9.0
MFCC CNN experiment: experiment_1
MFCC CNN method: mfcc_cnn_aligned
Effective MFCC n_fft: 4096
Prepared segment work root: /Users/juansantiago/Desktop/MIT Classes 2023-2027/Spring 2026/6.S955/FinalProject/6.S955_project/paper_replication/work/mfcc_cnn_segments_aligned/experiment_1

================ MFCC CNN experiment_1 fold_0 ================
Variant config: variant=aligned SR=48000 seg=0.5s n_mfcc=26 n_fft=4096 hop=1024 center=True CMVN=off conv_kernels=[3,3,2] pool_kernels=[3,3,2] conv_padding=valid init=keras_glorot bn_keras=True adam_eps=1e-07 audio_backend=librosa seeds=[0,1,2,3,4] optimizer=Adam lr=0.0001 batch=32 epochs=50 early_stopping=False
--- seed=0 ---
Preparing segmented directories in /Users/juansantiago/Desktop/MIT Classes 2023-2027/Spring 2026/6.S955/FinalProject/6.S955_project/paper_replication/work/mfcc_cnn_segments_aligned/experiment_1/fold_0
Train files: 441
Test files: 108
Effective MFCC n_fft: 4096
Effective MFCC hop_length: 1024
Effective MFCC center: True
Effective MFCC CMVN: off
MFCC input shape: (1, 26, 24)
MFCC CNN conv_kernels: [3, 3, 2]
MFCC CNN pool_kernels: [3, 3, 2]
MFCC CNN conv_padding: valid
MFCC CNN flat_dim: 512
Device for MFCC CNN: cpu
Train segments: 8006 | Val segments: 2002
Test segments: 2080
Epoch 005: train_loss=0.6792 train_acc=0.7633 val_loss=0.5225 val_acc=0.8157
Epoch 010: train_loss=0.4029 train_acc=0.8536 val_loss=0.3448 val_acc=0.8726
Epoch 015: train_loss=0.2839 train_acc=0.9008 val_loss=0.2607 val_acc=0.9076
Epoch 020: train_loss=0.2129 train_acc=0.9254 val_loss=0.2234 val_acc=0.9181
Epoch 025: train_loss=0.1579 train_acc=0.9464 val_loss=0.2279 val_acc=0.9191
Epoch 030: train_loss=0.1203 train_acc=0.9552 val_loss=0.2109 val_acc=0.9216
Epoch 035: train_loss=0.0981 train_acc=0.9665 val_loss=0.2018 val_acc=0.9301
Epoch 040: train_loss=0.0762 train_acc=0.9750 val_loss=0.2071 val_acc=0.9356
Epoch 045: train_loss=0.0660 train_acc=0.9778 val_loss=0.1882 val_acc=0.9366
Epoch 050: train_loss=0.0575 train_acc=0.9808 val_loss=0.1945 val_acc=0.9351
Accuracy: 0.962963
Repo F1 from macro precision/recall: 0.962036
Sklearn macro F1: 0.958041
                   precision    recall  f1-score   support

alternate picking       1.00      1.00      1.00        18
           legato       1.00      0.94      0.97        18
          tapping       1.00      0.94      0.97        18
    sweep picking       1.00      1.00      1.00         9
          vibrato       1.00      1.00      1.00         9
        hammer on       0.75      1.00      0.86         9
         pull off       1.00      0.78      0.88         9
            slide       0.90      1.00      0.95         9
             bend       1.00      1.00      1.00         9

         accuracy                           0.96       108
        macro avg       0.96      0.96      0.96       108
     weighted avg       0.97      0.96      0.96       108

--- seed=1 ---
Preparing segmented directories in /Users/juansantiago/Desktop/MIT Classes 2023-2027/Spring 2026/6.S955/FinalProject/6.S955_project/paper_replication/work/mfcc_cnn_segments_aligned/experiment_1/fold_0
Train files: 441
Test files: 108
Effective MFCC n_fft: 4096
Effective MFCC hop_length: 1024
Effective MFCC center: True
Effective MFCC CMVN: off
MFCC input shape: (1, 26, 24)
MFCC CNN conv_kernels: [3, 3, 2]
MFCC CNN pool_kernels: [3, 3, 2]
MFCC CNN conv_padding: valid
MFCC CNN flat_dim: 512
Device for MFCC CNN: cpu
Train segments: 8006 | Val segments: 2002
Test segments: 2080
Epoch 005: train_loss=0.6926 train_acc=0.7512 val_loss=0.5306 val_acc=0.8207
Epoch 010: train_loss=0.4109 train_acc=0.8559 val_loss=0.3404 val_acc=0.8881
Epoch 015: train_loss=0.2763 train_acc=0.9042 val_loss=0.2851 val_acc=0.9041
Epoch 020: train_loss=0.2001 train_acc=0.9321 val_loss=0.2493 val_acc=0.9151
Epoch 025: train_loss=0.1388 train_acc=0.9532 val_loss=0.2235 val_acc=0.9206
Epoch 030: train_loss=0.1088 train_acc=0.9640 val_loss=0.2279 val_acc=0.9286
Epoch 035: train_loss=0.0823 train_acc=0.9713 val_loss=0.2030 val_acc=0.9371
Epoch 040: train_loss=0.0653 train_acc=0.9788 val_loss=0.2198 val_acc=0.9331
Epoch 045: train_loss=0.0521 train_acc=0.9841 val_loss=0.2180 val_acc=0.9336
Epoch 050: train_loss=0.0410 train_acc=0.9873 val_loss=0.2119 val_acc=0.9366
Accuracy: 0.972222
Repo F1 from macro precision/recall: 0.968293
Sklearn macro F1: 0.966833
                   precision    recall  f1-score   support

alternate picking       1.00      1.00      1.00        18
           legato       1.00      0.94      0.97        18
          tapping       1.00      1.00      1.00        18
    sweep picking       1.00      1.00      1.00         9
          vibrato       0.89      0.89      0.89         9
        hammer on       0.82      1.00      0.90         9
         pull off       1.00      0.89      0.94         9
            slide       1.00      1.00      1.00         9
             bend       1.00      1.00      1.00         9

         accuracy                           0.97       108
        macro avg       0.97      0.97      0.97       108
     weighted avg       0.98      0.97      0.97       108

--- seed=2 ---
Preparing segmented directories in /Users/juansantiago/Desktop/MIT Classes 2023-2027/Spring 2026/6.S955/FinalProject/6.S955_project/paper_replication/work/mfcc_cnn_segments_aligned/experiment_1/fold_0
Train files: 441
Test files: 108
Effective MFCC n_fft: 4096
Effective MFCC hop_length: 1024
Effective MFCC center: True
Effective MFCC CMVN: off
MFCC input shape: (1, 26, 24)
MFCC CNN conv_kernels: [3, 3, 2]
MFCC CNN pool_kernels: [3, 3, 2]
MFCC CNN conv_padding: valid
MFCC CNN flat_dim: 512
Device for MFCC CNN: cpu
Train segments: 8006 | Val segments: 2002
Test segments: 2080
Epoch 005: train_loss=0.6772 train_acc=0.7668 val_loss=0.5235 val_acc=0.8087
Epoch 010: train_loss=0.4185 train_acc=0.8545 val_loss=0.3586 val_acc=0.8706
Epoch 015: train_loss=0.2923 train_acc=0.8975 val_loss=0.3097 val_acc=0.8891
Epoch 020: train_loss=0.2061 train_acc=0.9263 val_loss=0.2420 val_acc=0.9191
Epoch 025: train_loss=0.1539 train_acc=0.9485 val_loss=0.2502 val_acc=0.9131
Epoch 030: train_loss=0.1242 train_acc=0.9577 val_loss=0.2270 val_acc=0.9226
Epoch 035: train_loss=0.0903 train_acc=0.9679 val_loss=0.2112 val_acc=0.9311
Epoch 040: train_loss=0.0814 train_acc=0.9750 val_loss=0.2180 val_acc=0.9321
Epoch 045: train_loss=0.0668 train_acc=0.9770 val_loss=0.2237 val_acc=0.9281
Epoch 050: train_loss=0.0519 train_acc=0.9841 val_loss=0.2518 val_acc=0.9266
Accuracy: 0.935185
Repo F1 from macro precision/recall: 0.934254
Sklearn macro F1: 0.930415
                   precision    recall  f1-score   support

alternate picking       1.00      1.00      1.00        18
           legato       0.90      1.00      0.95        18
          tapping       1.00      0.83      0.91        18
    sweep picking       1.00      0.89      0.94         9
          vibrato       1.00      0.89      0.94         9
        hammer on       0.75      1.00      0.86         9
         pull off       0.78      0.78      0.78         9
            slide       1.00      1.00      1.00         9
             bend       1.00      1.00      1.00         9

         accuracy                           0.94       108
        macro avg       0.94      0.93      0.93       108
     weighted avg       0.94      0.94      0.94       108

--- seed=3 ---
Preparing segmented directories in /Users/juansantiago/Desktop/MIT Classes 2023-2027/Spring 2026/6.S955/FinalProject/6.S955_project/paper_replication/work/mfcc_cnn_segments_aligned/experiment_1/fold_0
Train files: 441
Test files: 108
Effective MFCC n_fft: 4096
Effective MFCC hop_length: 1024
Effective MFCC center: True
Effective MFCC CMVN: off
MFCC input shape: (1, 26, 24)
MFCC CNN conv_kernels: [3, 3, 2]
MFCC CNN pool_kernels: [3, 3, 2]
MFCC CNN conv_padding: valid
MFCC CNN flat_dim: 512
Device for MFCC CNN: cpu
Train segments: 8006 | Val segments: 2002
Test segments: 2080
Epoch 005: train_loss=0.6622 train_acc=0.7672 val_loss=0.5417 val_acc=0.8072
Epoch 010: train_loss=0.4068 train_acc=0.8565 val_loss=0.3482 val_acc=0.8761
Epoch 015: train_loss=0.2842 train_acc=0.9011 val_loss=0.3057 val_acc=0.8921
Epoch 020: train_loss=0.2008 train_acc=0.9297 val_loss=0.2726 val_acc=0.9066
Epoch 025: train_loss=0.1545 train_acc=0.9480 val_loss=0.2629 val_acc=0.9126
Epoch 030: train_loss=0.1099 train_acc=0.9645 val_loss=0.2162 val_acc=0.9251
Epoch 035: train_loss=0.0887 train_acc=0.9676 val_loss=0.2234 val_acc=0.9256
Epoch 040: train_loss=0.0816 train_acc=0.9718 val_loss=0.2242 val_acc=0.9236
Epoch 045: train_loss=0.0573 train_acc=0.9804 val_loss=0.2636 val_acc=0.9226
Epoch 050: train_loss=0.0503 train_acc=0.9834 val_loss=0.2236 val_acc=0.9286
Accuracy: 0.944444
Repo F1 from macro precision/recall: 0.933108
Sklearn macro F1: 0.927755
                   precision    recall  f1-score   support

alternate picking       1.00      1.00      1.00        18
           legato       1.00      1.00      1.00        18
          tapping       1.00      0.94      0.97        18
    sweep picking       0.82      1.00      0.90         9
          vibrato       1.00      0.67      0.80         9
        hammer on       0.80      0.89      0.84         9
         pull off       0.89      0.89      0.89         9
            slide       0.90      1.00      0.95         9
             bend       1.00      1.00      1.00         9

         accuracy                           0.94       108
        macro avg       0.93      0.93      0.93       108
     weighted avg       0.95      0.94      0.94       108

--- seed=4 ---
Preparing segmented directories in /Users/juansantiago/Desktop/MIT Classes 2023-2027/Spring 2026/6.S955/FinalProject/6.S955_project/paper_replication/work/mfcc_cnn_segments_aligned/experiment_1/fold_0
Train files: 441
Test files: 108
Effective MFCC n_fft: 4096
Effective MFCC hop_length: 1024
Effective MFCC center: True
Effective MFCC CMVN: off
MFCC input shape: (1, 26, 24)
MFCC CNN conv_kernels: [3, 3, 2]
MFCC CNN pool_kernels: [3, 3, 2]
MFCC CNN conv_padding: valid
MFCC CNN flat_dim: 512
Device for MFCC CNN: cpu
Train segments: 8006 | Val segments: 2002
Test segments: 2080
Epoch 005: train_loss=0.6624 train_acc=0.7659 val_loss=0.5125 val_acc=0.8222
Epoch 010: train_loss=0.3984 train_acc=0.8609 val_loss=0.3566 val_acc=0.8736
Epoch 015: train_loss=0.2710 train_acc=0.9058 val_loss=0.2708 val_acc=0.9006
Epoch 020: train_loss=0.1900 train_acc=0.9329 val_loss=0.2478 val_acc=0.9146
Epoch 025: train_loss=0.1476 train_acc=0.9495 val_loss=0.2229 val_acc=0.9226
Epoch 030: train_loss=0.1102 train_acc=0.9640 val_loss=0.2469 val_acc=0.9131
Epoch 035: train_loss=0.0895 train_acc=0.9700 val_loss=0.2175 val_acc=0.9261
Epoch 040: train_loss=0.0652 train_acc=0.9786 val_loss=0.2014 val_acc=0.9336
Epoch 045: train_loss=0.0508 train_acc=0.9846 val_loss=0.2015 val_acc=0.9371
Epoch 050: train_loss=0.0469 train_acc=0.9855 val_loss=0.2077 val_acc=0.9301
Accuracy: 0.972222
Repo F1 from macro precision/recall: 0.967570
Sklearn macro F1: 0.963702
                   precision    recall  f1-score   support

alternate picking       1.00      1.00      1.00        18
           legato       1.00      1.00      1.00        18
          tapping       1.00      1.00      1.00        18
    sweep picking       1.00      1.00      1.00         9
          vibrato       1.00      0.89      0.94         9
        hammer on       0.75      1.00      0.86         9
         pull off       1.00      0.78      0.88         9
            slide       1.00      1.00      1.00         9
             bend       1.00      1.00      1.00         9

         accuracy                           0.97       108
        macro avg       0.97      0.96      0.96       108
     weighted avg       0.98      0.97      0.97       108


================ MFCC CNN experiment_1 fold_1 ================
Variant config: variant=aligned SR=48000 seg=0.5s n_mfcc=26 n_fft=4096 hop=1024 center=True CMVN=off conv_kernels=[3,3,2] pool_kernels=[3,3,2] conv_padding=valid init=keras_glorot bn_keras=True adam_eps=1e-07 audio_backend=librosa seeds=[0,1,2,3,4] optimizer=Adam lr=0.0001 batch=32 epochs=50 early_stopping=False
--- seed=0 ---
Preparing segmented directories in /Users/juansantiago/Desktop/MIT Classes 2023-2027/Spring 2026/6.S955/FinalProject/6.S955_project/paper_replication/work/mfcc_cnn_segments_aligned/experiment_1/fold_1
Train files: 441
Test files: 108
Effective MFCC n_fft: 4096
Effective MFCC hop_length: 1024
Effective MFCC center: True
Effective MFCC CMVN: off
MFCC input shape: (1, 26, 24)
MFCC CNN conv_kernels: [3, 3, 2]
MFCC CNN pool_kernels: [3, 3, 2]
MFCC CNN conv_padding: valid
MFCC CNN flat_dim: 512
Device for MFCC CNN: cpu
Train segments: 7769 | Val segments: 1943
Test segments: 2376
Epoch 005: train_loss=0.6885 train_acc=0.7626 val_loss=0.5499 val_acc=0.8029
Epoch 010: train_loss=0.4144 train_acc=0.8549 val_loss=0.3607 val_acc=0.8760
Epoch 015: train_loss=0.2775 train_acc=0.9049 val_loss=0.3012 val_acc=0.8966
Epoch 020: train_loss=0.1975 train_acc=0.9349 val_loss=0.2444 val_acc=0.9187
Epoch 025: train_loss=0.1585 train_acc=0.9456 val_loss=0.2549 val_acc=0.9166
Epoch 030: train_loss=0.1166 train_acc=0.9604 val_loss=0.2452 val_acc=0.9202
Epoch 035: train_loss=0.0901 train_acc=0.9700 val_loss=0.2227 val_acc=0.9264
Epoch 040: train_loss=0.0694 train_acc=0.9773 val_loss=0.2203 val_acc=0.9300
Epoch 045: train_loss=0.0594 train_acc=0.9803 val_loss=0.2043 val_acc=0.9346
Epoch 050: train_loss=0.0514 train_acc=0.9839 val_loss=0.2401 val_acc=0.9259
Accuracy: 0.898148
Repo F1 from macro precision/recall: 0.896611
Sklearn macro F1: 0.883314
                   precision    recall  f1-score   support

alternate picking       1.00      1.00      1.00        18
           legato       0.94      0.89      0.91        18
          tapping       1.00      0.83      0.91        18
    sweep picking       1.00      0.56      0.71         9
          vibrato       0.75      1.00      0.86         9
        hammer on       0.70      0.78      0.74         9
         pull off       0.69      1.00      0.82         9
            slide       1.00      1.00      1.00         9
             bend       1.00      1.00      1.00         9

         accuracy                           0.90       108
        macro avg       0.90      0.90      0.88       108
     weighted avg       0.92      0.90      0.90       108

--- seed=1 ---
Preparing segmented directories in /Users/juansantiago/Desktop/MIT Classes 2023-2027/Spring 2026/6.S955/FinalProject/6.S955_project/paper_replication/work/mfcc_cnn_segments_aligned/experiment_1/fold_1
Train files: 441
Test files: 108
Effective MFCC n_fft: 4096
Effective MFCC hop_length: 1024
Effective MFCC center: True
Effective MFCC CMVN: off
MFCC input shape: (1, 26, 24)
MFCC CNN conv_kernels: [3, 3, 2]
MFCC CNN pool_kernels: [3, 3, 2]
MFCC CNN conv_padding: valid
MFCC CNN flat_dim: 512
Device for MFCC CNN: cpu
Train segments: 7769 | Val segments: 1943
Test segments: 2376
Epoch 005: train_loss=0.7021 train_acc=0.7513 val_loss=0.5378 val_acc=0.8266
Epoch 010: train_loss=0.4072 train_acc=0.8524 val_loss=0.3549 val_acc=0.8791
Epoch 015: train_loss=0.2815 train_acc=0.9004 val_loss=0.3631 val_acc=0.8657
Epoch 020: train_loss=0.1965 train_acc=0.9327 val_loss=0.2492 val_acc=0.9156
Epoch 025: train_loss=0.1362 train_acc=0.9539 val_loss=0.3247 val_acc=0.8940
Epoch 030: train_loss=0.1077 train_acc=0.9628 val_loss=0.2619 val_acc=0.9141
Epoch 035: train_loss=0.0835 train_acc=0.9740 val_loss=0.2238 val_acc=0.9305
Epoch 040: train_loss=0.0665 train_acc=0.9793 val_loss=0.2229 val_acc=0.9259
Epoch 045: train_loss=0.0513 train_acc=0.9853 val_loss=0.2367 val_acc=0.9295
Epoch 050: train_loss=0.0481 train_acc=0.9834 val_loss=0.2388 val_acc=0.9269
Accuracy: 0.888889
Repo F1 from macro precision/recall: 0.882918
Sklearn macro F1: 0.855070
                   precision    recall  f1-score   support

alternate picking       1.00      1.00      1.00        18
           legato       1.00      0.89      0.94        18
          tapping       1.00      0.94      0.97        18
    sweep picking       1.00      0.33      0.50         9
          vibrato       0.75      1.00      0.86         9
        hammer on       0.75      0.67      0.71         9
         pull off       0.56      1.00      0.72         9
            slide       1.00      1.00      1.00         9
             bend       1.00      1.00      1.00         9

         accuracy                           0.89       108
        macro avg       0.90      0.87      0.86       108
     weighted avg       0.92      0.89      0.88       108

--- seed=2 ---
Preparing segmented directories in /Users/juansantiago/Desktop/MIT Classes 2023-2027/Spring 2026/6.S955/FinalProject/6.S955_project/paper_replication/work/mfcc_cnn_segments_aligned/experiment_1/fold_1
Train files: 441
Test files: 108
Effective MFCC n_fft: 4096
Effective MFCC hop_length: 1024
Effective MFCC center: True
Effective MFCC CMVN: off
MFCC input shape: (1, 26, 24)
MFCC CNN conv_kernels: [3, 3, 2]
MFCC CNN pool_kernels: [3, 3, 2]
MFCC CNN conv_padding: valid
MFCC CNN flat_dim: 512
Device for MFCC CNN: cpu
Train segments: 7769 | Val segments: 1943
Test segments: 2376
Epoch 005: train_loss=0.7268 train_acc=0.7480 val_loss=0.5630 val_acc=0.7962
Epoch 010: train_loss=0.4151 train_acc=0.8493 val_loss=0.3787 val_acc=0.8621
Epoch 015: train_loss=0.2836 train_acc=0.9005 val_loss=0.3376 val_acc=0.8796
Epoch 020: train_loss=0.2126 train_acc=0.9242 val_loss=0.3642 val_acc=0.8847
Epoch 025: train_loss=0.1568 train_acc=0.9458 val_loss=0.2596 val_acc=0.9099
Epoch 030: train_loss=0.1226 train_acc=0.9602 val_loss=0.2418 val_acc=0.9197
Epoch 035: train_loss=0.0920 train_acc=0.9704 val_loss=0.2554 val_acc=0.9156
Epoch 040: train_loss=0.0685 train_acc=0.9790 val_loss=0.2598 val_acc=0.9125
Epoch 045: train_loss=0.0609 train_acc=0.9797 val_loss=0.2478 val_acc=0.9218
Epoch 050: train_loss=0.0455 train_acc=0.9861 val_loss=0.2773 val_acc=0.9182
Accuracy: 0.907407
Repo F1 from macro precision/recall: 0.904350
Sklearn macro F1: 0.895087
                   precision    recall  f1-score   support

alternate picking       1.00      1.00      1.00        18
           legato       1.00      0.89      0.94        18
          tapping       1.00      0.89      0.94        18
    sweep picking       1.00      0.67      0.80         9
          vibrato       0.82      1.00      0.90         9
        hammer on       0.57      0.89      0.70         9
         pull off       0.78      0.78      0.78         9
            slide       1.00      1.00      1.00         9
             bend       1.00      1.00      1.00         9

         accuracy                           0.91       108
        macro avg       0.91      0.90      0.90       108
     weighted avg       0.93      0.91      0.91       108

--- seed=3 ---
Preparing segmented directories in /Users/juansantiago/Desktop/MIT Classes 2023-2027/Spring 2026/6.S955/FinalProject/6.S955_project/paper_replication/work/mfcc_cnn_segments_aligned/experiment_1/fold_1
Train files: 441
Test files: 108
Effective MFCC n_fft: 4096
Effective MFCC hop_length: 1024
Effective MFCC center: True
Effective MFCC CMVN: off
MFCC input shape: (1, 26, 24)
MFCC CNN conv_kernels: [3, 3, 2]
MFCC CNN pool_kernels: [3, 3, 2]
MFCC CNN conv_padding: valid
MFCC CNN flat_dim: 512
Device for MFCC CNN: cpu
Train segments: 7769 | Val segments: 1943
Test segments: 2376
Epoch 005: train_loss=0.6626 train_acc=0.7687 val_loss=0.5488 val_acc=0.8101
Epoch 010: train_loss=0.4135 train_acc=0.8575 val_loss=0.3683 val_acc=0.8682
Epoch 015: train_loss=0.2840 train_acc=0.8995 val_loss=0.2785 val_acc=0.8960
Epoch 020: train_loss=0.1980 train_acc=0.9342 val_loss=0.2568 val_acc=0.9104
Epoch 025: train_loss=0.1472 train_acc=0.9504 val_loss=0.2346 val_acc=0.9192
Epoch 030: train_loss=0.1130 train_acc=0.9627 val_loss=0.2466 val_acc=0.9161
Epoch 035: train_loss=0.0851 train_acc=0.9736 val_loss=0.2208 val_acc=0.9259
Epoch 040: train_loss=0.0720 train_acc=0.9775 val_loss=0.2458 val_acc=0.9207
Epoch 045: train_loss=0.0591 train_acc=0.9811 val_loss=0.2985 val_acc=0.9141
Epoch 050: train_loss=0.0456 train_acc=0.9866 val_loss=0.2572 val_acc=0.9207
Accuracy: 0.916667
Repo F1 from macro precision/recall: 0.913451
Sklearn macro F1: 0.893825
                   precision    recall  f1-score   support

alternate picking       1.00      1.00      1.00        18
           legato       0.94      0.89      0.91        18
          tapping       1.00      1.00      1.00        18
    sweep picking       1.00      0.44      0.62         9
          vibrato       0.75      1.00      0.86         9
        hammer on       1.00      0.78      0.88         9
         pull off       0.64      1.00      0.78         9
            slide       1.00      1.00      1.00         9
             bend       1.00      1.00      1.00         9

         accuracy                           0.92       108
        macro avg       0.93      0.90      0.89       108
     weighted avg       0.94      0.92      0.91       108

--- seed=4 ---
Preparing segmented directories in /Users/juansantiago/Desktop/MIT Classes 2023-2027/Spring 2026/6.S955/FinalProject/6.S955_project/paper_replication/work/mfcc_cnn_segments_aligned/experiment_1/fold_1
Train files: 441
Test files: 108
Effective MFCC n_fft: 4096
Effective MFCC hop_length: 1024
Effective MFCC center: True
Effective MFCC CMVN: off
MFCC input shape: (1, 26, 24)
MFCC CNN conv_kernels: [3, 3, 2]
MFCC CNN pool_kernels: [3, 3, 2]
MFCC CNN conv_padding: valid
MFCC CNN flat_dim: 512
Device for MFCC CNN: cpu
Train segments: 7769 | Val segments: 1943
Test segments: 2376
Epoch 005: train_loss=0.6773 train_acc=0.7599 val_loss=0.5185 val_acc=0.8245
Epoch 010: train_loss=0.4132 train_acc=0.8512 val_loss=0.3456 val_acc=0.8765
Epoch 015: train_loss=0.2782 train_acc=0.9033 val_loss=0.2887 val_acc=0.9032
Epoch 020: train_loss=0.2089 train_acc=0.9282 val_loss=0.2331 val_acc=0.9151
Epoch 025: train_loss=0.1537 train_acc=0.9439 val_loss=0.2228 val_acc=0.9182
Epoch 030: train_loss=0.1200 train_acc=0.9579 val_loss=0.2084 val_acc=0.9274
Epoch 035: train_loss=0.0881 train_acc=0.9705 val_loss=0.2034 val_acc=0.9326
Epoch 040: train_loss=0.0732 train_acc=0.9763 val_loss=0.2865 val_acc=0.9110
Epoch 045: train_loss=0.0557 train_acc=0.9822 val_loss=0.1683 val_acc=0.9418
Epoch 050: train_loss=0.0421 train_acc=0.9891 val_loss=0.2199 val_acc=0.9331
Accuracy: 0.925926
Repo F1 from macro precision/recall: 0.923939
Sklearn macro F1: 0.917758
                   precision    recall  f1-score   support

alternate picking       1.00      1.00      1.00        18
           legato       0.84      0.89      0.86        18
          tapping       1.00      0.94      0.97        18
    sweep picking       1.00      0.67      0.80         9
          vibrato       0.82      1.00      0.90         9
        hammer on       0.88      0.78      0.82         9
         pull off       0.82      1.00      0.90         9
            slide       1.00      1.00      1.00         9
             bend       1.00      1.00      1.00         9

         accuracy                           0.93       108
        macro avg       0.93      0.92      0.92       108
     weighted avg       0.93      0.93      0.92       108


================ MFCC CNN experiment_1 fold_2 ================
Variant config: variant=aligned SR=48000 seg=0.5s n_mfcc=26 n_fft=4096 hop=1024 center=True CMVN=off conv_kernels=[3,3,2] pool_kernels=[3,3,2] conv_padding=valid init=keras_glorot bn_keras=True adam_eps=1e-07 audio_backend=librosa seeds=[0,1,2,3,4] optimizer=Adam lr=0.0001 batch=32 epochs=50 early_stopping=False
--- seed=0 ---
Preparing segmented directories in /Users/juansantiago/Desktop/MIT Classes 2023-2027/Spring 2026/6.S955/FinalProject/6.S955_project/paper_replication/work/mfcc_cnn_segments_aligned/experiment_1/fold_2
Train files: 441
Test files: 108
Effective MFCC n_fft: 4096
Effective MFCC hop_length: 1024
Effective MFCC center: True
Effective MFCC CMVN: off
MFCC input shape: (1, 26, 24)
MFCC CNN conv_kernels: [3, 3, 2]
MFCC CNN pool_kernels: [3, 3, 2]
MFCC CNN conv_padding: valid
MFCC CNN flat_dim: 512
Device for MFCC CNN: cpu
Train segments: 7924 | Val segments: 1982
Test segments: 2182
Epoch 005: train_loss=0.6844 train_acc=0.7593 val_loss=0.5291 val_acc=0.8128
Epoch 010: train_loss=0.4099 train_acc=0.8536 val_loss=0.3445 val_acc=0.8749
Epoch 015: train_loss=0.2906 train_acc=0.8956 val_loss=0.2616 val_acc=0.9122
Epoch 020: train_loss=0.2065 train_acc=0.9259 val_loss=0.2766 val_acc=0.8996
Epoch 025: train_loss=0.1626 train_acc=0.9450 val_loss=0.2249 val_acc=0.9188
Epoch 030: train_loss=0.1210 train_acc=0.9596 val_loss=0.2347 val_acc=0.9228
Epoch 035: train_loss=0.0981 train_acc=0.9663 val_loss=0.1960 val_acc=0.9329
Epoch 040: train_loss=0.0740 train_acc=0.9760 val_loss=0.2512 val_acc=0.9162
Epoch 045: train_loss=0.0604 train_acc=0.9809 val_loss=0.1923 val_acc=0.9390
Epoch 050: train_loss=0.0550 train_acc=0.9820 val_loss=0.2572 val_acc=0.9223
Accuracy: 0.907407
Repo F1 from macro precision/recall: 0.909086
Sklearn macro F1: 0.897927
                   precision    recall  f1-score   support

alternate picking       1.00      1.00      1.00        18
           legato       1.00      0.89      0.94        18
          tapping       0.94      0.89      0.91        18
    sweep picking       1.00      1.00      1.00         9
          vibrato       1.00      0.67      0.80         9
        hammer on       0.56      1.00      0.72         9
         pull off       0.75      0.67      0.71         9
            slide       1.00      1.00      1.00         9
             bend       1.00      1.00      1.00         9

         accuracy                           0.91       108
        macro avg       0.92      0.90      0.90       108
     weighted avg       0.93      0.91      0.91       108

--- seed=1 ---
Preparing segmented directories in /Users/juansantiago/Desktop/MIT Classes 2023-2027/Spring 2026/6.S955/FinalProject/6.S955_project/paper_replication/work/mfcc_cnn_segments_aligned/experiment_1/fold_2
Train files: 441
Test files: 108
Effective MFCC n_fft: 4096
Effective MFCC hop_length: 1024
Effective MFCC center: True
Effective MFCC CMVN: off
MFCC input shape: (1, 26, 24)
MFCC CNN conv_kernels: [3, 3, 2]
MFCC CNN pool_kernels: [3, 3, 2]
MFCC CNN conv_padding: valid
MFCC CNN flat_dim: 512
Device for MFCC CNN: cpu
Train segments: 7924 | Val segments: 1982
Test segments: 2182
Epoch 005: train_loss=0.7044 train_acc=0.7518 val_loss=0.5388 val_acc=0.8153
Epoch 010: train_loss=0.3986 train_acc=0.8599 val_loss=0.3582 val_acc=0.8779
Epoch 015: train_loss=0.2629 train_acc=0.9115 val_loss=0.2743 val_acc=0.9087
Epoch 020: train_loss=0.2016 train_acc=0.9300 val_loss=0.2616 val_acc=0.9092
Epoch 025: train_loss=0.1429 train_acc=0.9507 val_loss=0.2377 val_acc=0.9188
Epoch 030: train_loss=0.1086 train_acc=0.9629 val_loss=0.2486 val_acc=0.9168
Epoch 035: train_loss=0.0793 train_acc=0.9744 val_loss=0.3052 val_acc=0.9051
Epoch 040: train_loss=0.0619 train_acc=0.9808 val_loss=0.2193 val_acc=0.9309
Epoch 045: train_loss=0.0507 train_acc=0.9838 val_loss=0.2139 val_acc=0.9319
Epoch 050: train_loss=0.0345 train_acc=0.9904 val_loss=0.2236 val_acc=0.9364
Accuracy: 0.962963
Repo F1 from macro precision/recall: 0.958154
Sklearn macro F1: 0.951040
                   precision    recall  f1-score   support

alternate picking       1.00      1.00      1.00        18
           legato       1.00      1.00      1.00        18
          tapping       1.00      1.00      1.00        18
    sweep picking       1.00      1.00      1.00         9
          vibrato       1.00      0.89      0.94         9
        hammer on       0.69      1.00      0.82         9
         pull off       1.00      0.67      0.80         9
            slide       1.00      1.00      1.00         9
             bend       1.00      1.00      1.00         9

         accuracy                           0.96       108
        macro avg       0.97      0.95      0.95       108
     weighted avg       0.97      0.96      0.96       108

--- seed=2 ---
Preparing segmented directories in /Users/juansantiago/Desktop/MIT Classes 2023-2027/Spring 2026/6.S955/FinalProject/6.S955_project/paper_replication/work/mfcc_cnn_segments_aligned/experiment_1/fold_2
Train files: 441
Test files: 108
Effective MFCC n_fft: 4096
Effective MFCC hop_length: 1024
Effective MFCC center: True
Effective MFCC CMVN: off
MFCC input shape: (1, 26, 24)
MFCC CNN conv_kernels: [3, 3, 2]
MFCC CNN pool_kernels: [3, 3, 2]
MFCC CNN conv_padding: valid
MFCC CNN flat_dim: 512
Device for MFCC CNN: cpu
Train segments: 7924 | Val segments: 1982
Test segments: 2182
Epoch 005: train_loss=0.7005 train_acc=0.7545 val_loss=0.5461 val_acc=0.8098
Epoch 010: train_loss=0.4349 train_acc=0.8493 val_loss=0.3603 val_acc=0.8729
Epoch 015: train_loss=0.3101 train_acc=0.8951 val_loss=0.3110 val_acc=0.8865
Epoch 020: train_loss=0.2170 train_acc=0.9266 val_loss=0.2567 val_acc=0.9122
Epoch 025: train_loss=0.1581 train_acc=0.9442 val_loss=0.2522 val_acc=0.9147
Epoch 030: train_loss=0.1266 train_acc=0.9566 val_loss=0.2547 val_acc=0.9162
Epoch 035: train_loss=0.0977 train_acc=0.9696 val_loss=0.2748 val_acc=0.9122
Epoch 040: train_loss=0.0751 train_acc=0.9755 val_loss=0.2246 val_acc=0.9238
Epoch 045: train_loss=0.0660 train_acc=0.9798 val_loss=0.2538 val_acc=0.9168
Epoch 050: train_loss=0.0475 train_acc=0.9865 val_loss=0.2819 val_acc=0.9168
Accuracy: 0.925926
Repo F1 from macro precision/recall: 0.929191
Sklearn macro F1: 0.920295
                   precision    recall  f1-score   support

alternate picking       1.00      1.00      1.00        18
           legato       0.90      1.00      0.95        18
          tapping       1.00      0.78      0.88        18
    sweep picking       1.00      1.00      1.00         9
          vibrato       0.80      0.89      0.84         9
        hammer on       0.69      1.00      0.82         9
         pull off       1.00      0.67      0.80         9
            slide       1.00      1.00      1.00         9
             bend       1.00      1.00      1.00         9

         accuracy                           0.93       108
        macro avg       0.93      0.93      0.92       108
     weighted avg       0.94      0.93      0.93       108

--- seed=3 ---
Preparing segmented directories in /Users/juansantiago/Desktop/MIT Classes 2023-2027/Spring 2026/6.S955/FinalProject/6.S955_project/paper_replication/work/mfcc_cnn_segments_aligned/experiment_1/fold_2
Train files: 441
Test files: 108
Effective MFCC n_fft: 4096
Effective MFCC hop_length: 1024
Effective MFCC center: True
Effective MFCC CMVN: off
MFCC input shape: (1, 26, 24)
MFCC CNN conv_kernels: [3, 3, 2]
MFCC CNN pool_kernels: [3, 3, 2]
MFCC CNN conv_padding: valid
MFCC CNN flat_dim: 512
Device for MFCC CNN: cpu
Train segments: 7924 | Val segments: 1982
Test segments: 2182
Epoch 005: train_loss=0.6744 train_acc=0.7649 val_loss=0.5595 val_acc=0.8007
Epoch 010: train_loss=0.4129 train_acc=0.8559 val_loss=0.4262 val_acc=0.8436
Epoch 015: train_loss=0.2961 train_acc=0.8960 val_loss=0.2875 val_acc=0.8940
Epoch 020: train_loss=0.2039 train_acc=0.9287 val_loss=0.2805 val_acc=0.8935
Epoch 025: train_loss=0.1607 train_acc=0.9427 val_loss=0.2501 val_acc=0.9041
Epoch 030: train_loss=0.1159 train_acc=0.9582 val_loss=0.2337 val_acc=0.9142
Epoch 035: train_loss=0.0979 train_acc=0.9663 val_loss=0.2202 val_acc=0.9198
Epoch 040: train_loss=0.0752 train_acc=0.9759 val_loss=0.2547 val_acc=0.9117
Epoch 045: train_loss=0.0638 train_acc=0.9783 val_loss=0.2272 val_acc=0.9248
Epoch 050: train_loss=0.0590 train_acc=0.9818 val_loss=0.2311 val_acc=0.9284
Accuracy: 0.962963
Repo F1 from macro precision/recall: 0.962120
Sklearn macro F1: 0.960660
                   precision    recall  f1-score   support

alternate picking       1.00      1.00      1.00        18
           legato       1.00      0.94      0.97        18
          tapping       0.94      0.94      0.94        18
    sweep picking       1.00      1.00      1.00         9
          vibrato       1.00      0.89      0.94         9
        hammer on       0.82      1.00      0.90         9
         pull off       0.89      0.89      0.89         9
            slide       1.00      1.00      1.00         9
             bend       1.00      1.00      1.00         9

         accuracy                           0.96       108
        macro avg       0.96      0.96      0.96       108
     weighted avg       0.97      0.96      0.96       108

--- seed=4 ---
Preparing segmented directories in /Users/juansantiago/Desktop/MIT Classes 2023-2027/Spring 2026/6.S955/FinalProject/6.S955_project/paper_replication/work/mfcc_cnn_segments_aligned/experiment_1/fold_2
Train files: 441
Test files: 108
Effective MFCC n_fft: 4096
Effective MFCC hop_length: 1024
Effective MFCC center: True
Effective MFCC CMVN: off
MFCC input shape: (1, 26, 24)
MFCC CNN conv_kernels: [3, 3, 2]
MFCC CNN pool_kernels: [3, 3, 2]
MFCC CNN conv_padding: valid
MFCC CNN flat_dim: 512
Device for MFCC CNN: cpu
Train segments: 7924 | Val segments: 1982
Test segments: 2182
Epoch 005: train_loss=0.6732 train_acc=0.7674 val_loss=0.5570 val_acc=0.7941
Epoch 010: train_loss=0.3953 train_acc=0.8621 val_loss=0.3936 val_acc=0.8638
Epoch 015: train_loss=0.2842 train_acc=0.9011 val_loss=0.3063 val_acc=0.8930
Epoch 020: train_loss=0.2050 train_acc=0.9282 val_loss=0.2649 val_acc=0.9077
Epoch 025: train_loss=0.1479 train_acc=0.9483 val_loss=0.2548 val_acc=0.9102
Epoch 030: train_loss=0.1116 train_acc=0.9608 val_loss=0.2301 val_acc=0.9162
Epoch 035: train_loss=0.0852 train_acc=0.9712 val_loss=0.2119 val_acc=0.9289
Epoch 040: train_loss=0.0646 train_acc=0.9799 val_loss=0.2221 val_acc=0.9273
Epoch 045: train_loss=0.0626 train_acc=0.9787 val_loss=0.2733 val_acc=0.9157
Epoch 050: train_loss=0.0453 train_acc=0.9861 val_loss=0.2510 val_acc=0.9208
Accuracy: 0.953704
Repo F1 from macro precision/recall: 0.946600
Sklearn macro F1: 0.943151
                   precision    recall  f1-score   support

alternate picking       1.00      1.00      1.00        18
           legato       1.00      1.00      1.00        18
          tapping       1.00      0.94      0.97        18
    sweep picking       1.00      0.89      0.94         9
          vibrato       1.00      0.89      0.94         9
        hammer on       0.75      1.00      0.86         9
         pull off       0.89      0.89      0.89         9
            slide       0.90      1.00      0.95         9
             bend       1.00      0.89      0.94         9

         accuracy                           0.95       108
        macro avg       0.95      0.94      0.94       108
     weighted avg       0.96      0.95      0.95       108


================ MFCC CNN experiment_1 fold_3 ================
Variant config: variant=aligned SR=48000 seg=0.5s n_mfcc=26 n_fft=4096 hop=1024 center=True CMVN=off conv_kernels=[3,3,2] pool_kernels=[3,3,2] conv_padding=valid init=keras_glorot bn_keras=True adam_eps=1e-07 audio_backend=librosa seeds=[0,1,2,3,4] optimizer=Adam lr=0.0001 batch=32 epochs=50 early_stopping=False
--- seed=0 ---
Preparing segmented directories in /Users/juansantiago/Desktop/MIT Classes 2023-2027/Spring 2026/6.S955/FinalProject/6.S955_project/paper_replication/work/mfcc_cnn_segments_aligned/experiment_1/fold_3
Train files: 441
Test files: 108
Effective MFCC n_fft: 4096
Effective MFCC hop_length: 1024
Effective MFCC center: True
Effective MFCC CMVN: off
MFCC input shape: (1, 26, 24)
MFCC CNN conv_kernels: [3, 3, 2]
MFCC CNN pool_kernels: [3, 3, 2]
MFCC CNN conv_padding: valid
MFCC CNN flat_dim: 512
Device for MFCC CNN: cpu
Train segments: 7833 | Val segments: 1959
Test segments: 2296
Epoch 005: train_loss=0.7158 train_acc=0.7406 val_loss=0.5845 val_acc=0.7994
Epoch 010: train_loss=0.4274 train_acc=0.8472 val_loss=0.4129 val_acc=0.8412
Epoch 015: train_loss=0.3051 train_acc=0.8916 val_loss=0.3363 val_acc=0.8795
Epoch 020: train_loss=0.2216 train_acc=0.9196 val_loss=0.2782 val_acc=0.8959
Epoch 025: train_loss=0.1705 train_acc=0.9397 val_loss=0.2935 val_acc=0.8933
Epoch 030: train_loss=0.1277 train_acc=0.9551 val_loss=0.2366 val_acc=0.9127
Epoch 035: train_loss=0.1059 train_acc=0.9639 val_loss=0.2565 val_acc=0.9127
Epoch 040: train_loss=0.0828 train_acc=0.9719 val_loss=0.2373 val_acc=0.9214
Epoch 045: train_loss=0.0668 train_acc=0.9791 val_loss=0.2814 val_acc=0.9163
Epoch 050: train_loss=0.0481 train_acc=0.9840 val_loss=0.2708 val_acc=0.9153
Accuracy: 0.972222
Repo F1 from macro precision/recall: 0.973453
Sklearn macro F1: 0.972421
                   precision    recall  f1-score   support

alternate picking       1.00      1.00      1.00        18
           legato       0.94      0.94      0.94        18
          tapping       1.00      0.94      0.97        18
    sweep picking       1.00      0.89      0.94         9
          vibrato       0.90      1.00      0.95         9
        hammer on       1.00      1.00      1.00         9
         pull off       0.90      1.00      0.95         9
            slide       1.00      1.00      1.00         9
             bend       1.00      1.00      1.00         9

         accuracy                           0.97       108
        macro avg       0.97      0.98      0.97       108
     weighted avg       0.97      0.97      0.97       108

--- seed=1 ---
Preparing segmented directories in /Users/juansantiago/Desktop/MIT Classes 2023-2027/Spring 2026/6.S955/FinalProject/6.S955_project/paper_replication/work/mfcc_cnn_segments_aligned/experiment_1/fold_3
Train files: 441
Test files: 108
Effective MFCC n_fft: 4096
Effective MFCC hop_length: 1024
Effective MFCC center: True
Effective MFCC CMVN: off
MFCC input shape: (1, 26, 24)
MFCC CNN conv_kernels: [3, 3, 2]
MFCC CNN pool_kernels: [3, 3, 2]
MFCC CNN conv_padding: valid
MFCC CNN flat_dim: 512
Device for MFCC CNN: cpu
Train segments: 7833 | Val segments: 1959
Test segments: 2296
Epoch 005: train_loss=0.7285 train_acc=0.7408 val_loss=0.5223 val_acc=0.8213
Epoch 010: train_loss=0.4380 train_acc=0.8469 val_loss=0.3476 val_acc=0.8831
Epoch 015: train_loss=0.2953 train_acc=0.8960 val_loss=0.2841 val_acc=0.9066
Epoch 020: train_loss=0.2133 train_acc=0.9265 val_loss=0.2542 val_acc=0.9117
Epoch 025: train_loss=0.1561 train_acc=0.9474 val_loss=0.2281 val_acc=0.9204
Epoch 030: train_loss=0.1246 train_acc=0.9589 val_loss=0.2205 val_acc=0.9280
Epoch 035: train_loss=0.0835 train_acc=0.9726 val_loss=0.2067 val_acc=0.9377
Epoch 040: train_loss=0.0711 train_acc=0.9768 val_loss=0.2181 val_acc=0.9265
Epoch 045: train_loss=0.0605 train_acc=0.9801 val_loss=0.2037 val_acc=0.9393
Epoch 050: train_loss=0.0477 train_acc=0.9846 val_loss=0.2296 val_acc=0.9336
Accuracy: 0.953704
Repo F1 from macro precision/recall: 0.956566
Sklearn macro F1: 0.953632
                   precision    recall  f1-score   support

alternate picking       1.00      1.00      1.00        18
           legato       0.89      0.89      0.89        18
          tapping       1.00      0.94      0.97        18
    sweep picking       1.00      0.78      0.88         9
          vibrato       0.82      1.00      0.90         9
        hammer on       0.90      1.00      0.95         9
         pull off       1.00      1.00      1.00         9
            slide       1.00      1.00      1.00         9
             bend       1.00      1.00      1.00         9

         accuracy                           0.95       108
        macro avg       0.96      0.96      0.95       108
     weighted avg       0.96      0.95      0.95       108

--- seed=2 ---
Preparing segmented directories in /Users/juansantiago/Desktop/MIT Classes 2023-2027/Spring 2026/6.S955/FinalProject/6.S955_project/paper_replication/work/mfcc_cnn_segments_aligned/experiment_1/fold_3
Train files: 441
Test files: 108
Effective MFCC n_fft: 4096
Effective MFCC hop_length: 1024
Effective MFCC center: True
Effective MFCC CMVN: off
MFCC input shape: (1, 26, 24)
MFCC CNN conv_kernels: [3, 3, 2]
MFCC CNN pool_kernels: [3, 3, 2]
MFCC CNN conv_padding: valid
MFCC CNN flat_dim: 512
Device for MFCC CNN: cpu
Train segments: 7833 | Val segments: 1959
Test segments: 2296
Epoch 005: train_loss=0.7173 train_acc=0.7422 val_loss=0.6260 val_acc=0.7815
Epoch 010: train_loss=0.4479 train_acc=0.8356 val_loss=0.4383 val_acc=0.8545
Epoch 015: train_loss=0.3136 train_acc=0.8916 val_loss=0.3600 val_acc=0.8770
Epoch 020: train_loss=0.2256 train_acc=0.9197 val_loss=0.3082 val_acc=0.8954
Epoch 025: train_loss=0.1723 train_acc=0.9423 val_loss=0.3107 val_acc=0.9010
Epoch 030: train_loss=0.1314 train_acc=0.9565 val_loss=0.3088 val_acc=0.8964
Epoch 035: train_loss=0.0978 train_acc=0.9678 val_loss=0.2718 val_acc=0.9107
Epoch 040: train_loss=0.0818 train_acc=0.9715 val_loss=0.2874 val_acc=0.9107
Epoch 045: train_loss=0.0638 train_acc=0.9797 val_loss=0.2736 val_acc=0.9239
Epoch 050: train_loss=0.0562 train_acc=0.9821 val_loss=0.2731 val_acc=0.9183
Accuracy: 0.981481
Repo F1 from macro precision/recall: 0.983710
Sklearn macro F1: 0.982353
                   precision    recall  f1-score   support

alternate picking       1.00      1.00      1.00        18
           legato       1.00      0.89      0.94        18
          tapping       1.00      1.00      1.00        18
    sweep picking       1.00      1.00      1.00         9
          vibrato       0.82      1.00      0.90         9
        hammer on       1.00      1.00      1.00         9
         pull off       1.00      1.00      1.00         9
            slide       1.00      1.00      1.00         9
             bend       1.00      1.00      1.00         9

         accuracy                           0.98       108
        macro avg       0.98      0.99      0.98       108
     weighted avg       0.98      0.98      0.98       108

--- seed=3 ---
Preparing segmented directories in /Users/juansantiago/Desktop/MIT Classes 2023-2027/Spring 2026/6.S955/FinalProject/6.S955_project/paper_replication/work/mfcc_cnn_segments_aligned/experiment_1/fold_3
Train files: 441
Test files: 108
Effective MFCC n_fft: 4096
Effective MFCC hop_length: 1024
Effective MFCC center: True
Effective MFCC CMVN: off
MFCC input shape: (1, 26, 24)
MFCC CNN conv_kernels: [3, 3, 2]
MFCC CNN pool_kernels: [3, 3, 2]
MFCC CNN conv_padding: valid
MFCC CNN flat_dim: 512
Device for MFCC CNN: cpu
Train segments: 7833 | Val segments: 1959
Test segments: 2296
Epoch 005: train_loss=0.6982 train_acc=0.7539 val_loss=0.5488 val_acc=0.8137
Epoch 010: train_loss=0.4263 train_acc=0.8525 val_loss=0.3795 val_acc=0.8591
Epoch 015: train_loss=0.2836 train_acc=0.8994 val_loss=0.3378 val_acc=0.8780
Epoch 020: train_loss=0.2221 train_acc=0.9230 val_loss=0.2684 val_acc=0.9061
Epoch 025: train_loss=0.1544 train_acc=0.9438 val_loss=0.2700 val_acc=0.9056
Epoch 030: train_loss=0.1228 train_acc=0.9566 val_loss=0.2523 val_acc=0.9132
Epoch 035: train_loss=0.0966 train_acc=0.9660 val_loss=0.2768 val_acc=0.9137
Epoch 040: train_loss=0.0725 train_acc=0.9764 val_loss=0.2402 val_acc=0.9183
Epoch 045: train_loss=0.0571 train_acc=0.9810 val_loss=0.2519 val_acc=0.9234
Epoch 050: train_loss=0.0547 train_acc=0.9820 val_loss=0.2558 val_acc=0.9229
Accuracy: 0.981481
Repo F1 from macro precision/recall: 0.983710
Sklearn macro F1: 0.982353
                   precision    recall  f1-score   support

alternate picking       1.00      1.00      1.00        18
           legato       1.00      0.89      0.94        18
          tapping       1.00      1.00      1.00        18
    sweep picking       1.00      1.00      1.00         9
          vibrato       0.82      1.00      0.90         9
        hammer on       1.00      1.00      1.00         9
         pull off       1.00      1.00      1.00         9
            slide       1.00      1.00      1.00         9
             bend       1.00      1.00      1.00         9

         accuracy                           0.98       108
        macro avg       0.98      0.99      0.98       108
     weighted avg       0.98      0.98      0.98       108

--- seed=4 ---
Preparing segmented directories in /Users/juansantiago/Desktop/MIT Classes 2023-2027/Spring 2026/6.S955/FinalProject/6.S955_project/paper_replication/work/mfcc_cnn_segments_aligned/experiment_1/fold_3
Train files: 441
Test files: 108
Effective MFCC n_fft: 4096
Effective MFCC hop_length: 1024
Effective MFCC center: True
Effective MFCC CMVN: off
MFCC input shape: (1, 26, 24)
MFCC CNN conv_kernels: [3, 3, 2]
MFCC CNN pool_kernels: [3, 3, 2]
MFCC CNN conv_padding: valid
MFCC CNN flat_dim: 512
Device for MFCC CNN: cpu
Train segments: 7833 | Val segments: 1959
Test segments: 2296
Epoch 005: train_loss=0.6957 train_acc=0.7504 val_loss=0.5580 val_acc=0.8065
Epoch 010: train_loss=0.4108 train_acc=0.8570 val_loss=0.3548 val_acc=0.8775
Epoch 015: train_loss=0.2781 train_acc=0.9011 val_loss=0.2838 val_acc=0.8999
Epoch 020: train_loss=0.2111 train_acc=0.9244 val_loss=0.2755 val_acc=0.9020
Epoch 025: train_loss=0.1569 train_acc=0.9436 val_loss=0.2457 val_acc=0.9137
Epoch 030: train_loss=0.1171 train_acc=0.9597 val_loss=0.2496 val_acc=0.9163
Epoch 035: train_loss=0.0879 train_acc=0.9705 val_loss=0.2661 val_acc=0.9122
Epoch 040: train_loss=0.0678 train_acc=0.9760 val_loss=0.2638 val_acc=0.9214
Epoch 045: train_loss=0.0552 train_acc=0.9817 val_loss=0.2542 val_acc=0.9188
Epoch 050: train_loss=0.0466 train_acc=0.9862 val_loss=0.2385 val_acc=0.9265
Accuracy: 0.981481
Repo F1 from macro precision/recall: 0.982691
Sklearn macro F1: 0.981955
                   precision    recall  f1-score   support

alternate picking       1.00      1.00      1.00        18
           legato       1.00      0.94      0.97        18
          tapping       1.00      0.94      0.97        18
    sweep picking       1.00      1.00      1.00         9
          vibrato       0.90      1.00      0.95         9
        hammer on       0.90      1.00      0.95         9
         pull off       1.00      1.00      1.00         9
            slide       1.00      1.00      1.00         9
             bend       1.00      1.00      1.00         9

         accuracy                           0.98       108
        macro avg       0.98      0.99      0.98       108
     weighted avg       0.98      0.98      0.98       108


================ MFCC CNN experiment_1 fold_4 ================
Variant config: variant=aligned SR=48000 seg=0.5s n_mfcc=26 n_fft=4096 hop=1024 center=True CMVN=off conv_kernels=[3,3,2] pool_kernels=[3,3,2] conv_padding=valid init=keras_glorot bn_keras=True adam_eps=1e-07 audio_backend=librosa seeds=[0,1,2,3,4] optimizer=Adam lr=0.0001 batch=32 epochs=50 early_stopping=False
--- seed=0 ---
Preparing segmented directories in /Users/juansantiago/Desktop/MIT Classes 2023-2027/Spring 2026/6.S955/FinalProject/6.S955_project/paper_replication/work/mfcc_cnn_segments_aligned/experiment_1/fold_4
Train files: 441
Test files: 108
Effective MFCC n_fft: 4096
Effective MFCC hop_length: 1024
Effective MFCC center: True
Effective MFCC CMVN: off
MFCC input shape: (1, 26, 24)
MFCC CNN conv_kernels: [3, 3, 2]
MFCC CNN pool_kernels: [3, 3, 2]
MFCC CNN conv_padding: valid
MFCC CNN flat_dim: 512
Device for MFCC CNN: cpu
Train segments: 8148 | Val segments: 2038
Test segments: 1902
Epoch 005: train_loss=0.6829 train_acc=0.7579 val_loss=0.5270 val_acc=0.8106
Epoch 010: train_loss=0.4244 train_acc=0.8541 val_loss=0.3874 val_acc=0.8597
Epoch 015: train_loss=0.2829 train_acc=0.9002 val_loss=0.3073 val_acc=0.8916
Epoch 020: train_loss=0.2090 train_acc=0.9278 val_loss=0.2547 val_acc=0.9078
Epoch 025: train_loss=0.1593 train_acc=0.9454 val_loss=0.2813 val_acc=0.9073
Epoch 030: train_loss=0.1157 train_acc=0.9601 val_loss=0.2530 val_acc=0.9058
Epoch 035: train_loss=0.0993 train_acc=0.9669 val_loss=0.2471 val_acc=0.9156
Epoch 040: train_loss=0.0766 train_acc=0.9720 val_loss=0.2415 val_acc=0.9176
Epoch 045: train_loss=0.0546 train_acc=0.9831 val_loss=0.2514 val_acc=0.9259
Epoch 050: train_loss=0.0471 train_acc=0.9850 val_loss=0.2343 val_acc=0.9303
Accuracy: 0.962963
Repo F1 from macro precision/recall: 0.965202
Sklearn macro F1: 0.962654
                   precision    recall  f1-score   support

alternate picking       1.00      1.00      1.00        18
           legato       0.94      0.94      0.94        18
          tapping       0.94      0.94      0.94        18
    sweep picking       1.00      1.00      1.00         9
          vibrato       1.00      1.00      1.00         9
        hammer on       1.00      0.78      0.88         9
         pull off       0.82      1.00      0.90         9
            slide       1.00      1.00      1.00         9
             bend       1.00      1.00      1.00         9

         accuracy                           0.96       108
        macro avg       0.97      0.96      0.96       108
     weighted avg       0.97      0.96      0.96       108

--- seed=1 ---
Preparing segmented directories in /Users/juansantiago/Desktop/MIT Classes 2023-2027/Spring 2026/6.S955/FinalProject/6.S955_project/paper_replication/work/mfcc_cnn_segments_aligned/experiment_1/fold_4
Train files: 441
Test files: 108
Effective MFCC n_fft: 4096
Effective MFCC hop_length: 1024
Effective MFCC center: True
Effective MFCC CMVN: off
MFCC input shape: (1, 26, 24)
MFCC CNN conv_kernels: [3, 3, 2]
MFCC CNN pool_kernels: [3, 3, 2]
MFCC CNN conv_padding: valid
MFCC CNN flat_dim: 512
Device for MFCC CNN: cpu
Train segments: 8148 | Val segments: 2038
Test segments: 1902
Epoch 005: train_loss=0.6959 train_acc=0.7521 val_loss=0.5435 val_acc=0.8116
Epoch 010: train_loss=0.4135 train_acc=0.8579 val_loss=0.3650 val_acc=0.8685
Epoch 015: train_loss=0.2747 train_acc=0.9078 val_loss=0.3003 val_acc=0.8891
Epoch 020: train_loss=0.1932 train_acc=0.9321 val_loss=0.2597 val_acc=0.9107
Epoch 025: train_loss=0.1511 train_acc=0.9475 val_loss=0.2505 val_acc=0.9087
Epoch 030: train_loss=0.1106 train_acc=0.9632 val_loss=0.2202 val_acc=0.9264
Epoch 035: train_loss=0.0827 train_acc=0.9746 val_loss=0.2373 val_acc=0.9210
Epoch 040: train_loss=0.0650 train_acc=0.9789 val_loss=0.2926 val_acc=0.9058
Epoch 045: train_loss=0.0540 train_acc=0.9818 val_loss=0.2588 val_acc=0.9181
Epoch 050: train_loss=0.0401 train_acc=0.9874 val_loss=0.2577 val_acc=0.9284
Accuracy: 0.981481
Repo F1 from macro precision/recall: 0.982261
Sklearn macro F1: 0.981438
                   precision    recall  f1-score   support

alternate picking       1.00      1.00      1.00        18
           legato       1.00      0.94      0.97        18
          tapping       0.95      1.00      0.97        18
    sweep picking       1.00      1.00      1.00         9
          vibrato       1.00      1.00      1.00         9
        hammer on       1.00      0.89      0.94         9
         pull off       0.90      1.00      0.95         9
            slide       1.00      1.00      1.00         9
             bend       1.00      1.00      1.00         9

         accuracy                           0.98       108
        macro avg       0.98      0.98      0.98       108
     weighted avg       0.98      0.98      0.98       108

--- seed=2 ---
Preparing segmented directories in /Users/juansantiago/Desktop/MIT Classes 2023-2027/Spring 2026/6.S955/FinalProject/6.S955_project/paper_replication/work/mfcc_cnn_segments_aligned/experiment_1/fold_4
Train files: 441
Test files: 108
Effective MFCC n_fft: 4096
Effective MFCC hop_length: 1024
Effective MFCC center: True
Effective MFCC CMVN: off
MFCC input shape: (1, 26, 24)
MFCC CNN conv_kernels: [3, 3, 2]
MFCC CNN pool_kernels: [3, 3, 2]
MFCC CNN conv_padding: valid
MFCC CNN flat_dim: 512
Device for MFCC CNN: cpu
Train segments: 8148 | Val segments: 2038
Test segments: 1902
Epoch 005: train_loss=0.6819 train_acc=0.7612 val_loss=0.5398 val_acc=0.8140
Epoch 010: train_loss=0.4285 train_acc=0.8503 val_loss=0.3755 val_acc=0.8695
Epoch 015: train_loss=0.2907 train_acc=0.8991 val_loss=0.3441 val_acc=0.8808
Epoch 020: train_loss=0.2071 train_acc=0.9288 val_loss=0.2827 val_acc=0.8999
Epoch 025: train_loss=0.1596 train_acc=0.9454 val_loss=0.2634 val_acc=0.9127
Epoch 030: train_loss=0.1187 train_acc=0.9606 val_loss=0.2572 val_acc=0.9161
Epoch 035: train_loss=0.0957 train_acc=0.9665 val_loss=0.2491 val_acc=0.9190
Epoch 040: train_loss=0.0767 train_acc=0.9756 val_loss=0.2775 val_acc=0.9190
Epoch 045: train_loss=0.0572 train_acc=0.9822 val_loss=0.2437 val_acc=0.9230
Epoch 050: train_loss=0.0473 train_acc=0.9847 val_loss=0.2730 val_acc=0.9185
Accuracy: 0.944444
Repo F1 from macro precision/recall: 0.951157
Sklearn macro F1: 0.950541
                   precision    recall  f1-score   support

alternate picking       1.00      1.00      1.00        18
           legato       0.94      0.83      0.88        18
          tapping       0.85      0.94      0.89        18
    sweep picking       1.00      1.00      1.00         9
          vibrato       1.00      1.00      1.00         9
        hammer on       0.89      0.89      0.89         9
         pull off       0.89      0.89      0.89         9
            slide       1.00      1.00      1.00         9
             bend       1.00      1.00      1.00         9

         accuracy                           0.94       108
        macro avg       0.95      0.95      0.95       108
     weighted avg       0.95      0.94      0.94       108

--- seed=3 ---
Preparing segmented directories in /Users/juansantiago/Desktop/MIT Classes 2023-2027/Spring 2026/6.S955/FinalProject/6.S955_project/paper_replication/work/mfcc_cnn_segments_aligned/experiment_1/fold_4
Train files: 441
Test files: 108
Effective MFCC n_fft: 4096
Effective MFCC hop_length: 1024
Effective MFCC center: True
Effective MFCC CMVN: off
MFCC input shape: (1, 26, 24)
MFCC CNN conv_kernels: [3, 3, 2]
MFCC CNN pool_kernels: [3, 3, 2]
MFCC CNN conv_padding: valid
MFCC CNN flat_dim: 512
Device for MFCC CNN: cpu
Train segments: 8148 | Val segments: 2038
Test segments: 1902
Epoch 005: train_loss=0.6683 train_acc=0.7630 val_loss=0.5138 val_acc=0.8234
Epoch 010: train_loss=0.4090 train_acc=0.8587 val_loss=0.3492 val_acc=0.8822
Epoch 015: train_loss=0.2784 train_acc=0.9037 val_loss=0.2878 val_acc=0.8960
Epoch 020: train_loss=0.2176 train_acc=0.9223 val_loss=0.2857 val_acc=0.8989
Epoch 025: train_loss=0.1550 train_acc=0.9488 val_loss=0.2427 val_acc=0.9166
Epoch 030: train_loss=0.1244 train_acc=0.9597 val_loss=0.2412 val_acc=0.9156
Epoch 035: train_loss=0.0920 train_acc=0.9712 val_loss=0.2136 val_acc=0.9239
Epoch 040: train_loss=0.0793 train_acc=0.9721 val_loss=0.2369 val_acc=0.9249
Epoch 045: train_loss=0.0579 train_acc=0.9816 val_loss=0.2262 val_acc=0.9230
Epoch 050: train_loss=0.0500 train_acc=0.9834 val_loss=0.2122 val_acc=0.9333
Accuracy: 0.962963
Repo F1 from macro precision/recall: 0.961558
Sklearn macro F1: 0.957525
                   precision    recall  f1-score   support

alternate picking       1.00      1.00      1.00        18
           legato       1.00      0.94      0.97        18
          tapping       0.95      1.00      0.97        18
    sweep picking       1.00      0.89      0.94         9
          vibrato       1.00      1.00      1.00         9
        hammer on       1.00      0.78      0.88         9
         pull off       0.75      1.00      0.86         9
            slide       1.00      1.00      1.00         9
             bend       1.00      1.00      1.00         9

         accuracy                           0.96       108
        macro avg       0.97      0.96      0.96       108
     weighted avg       0.97      0.96      0.96       108

--- seed=4 ---
Preparing segmented directories in /Users/juansantiago/Desktop/MIT Classes 2023-2027/Spring 2026/6.S955/FinalProject/6.S955_project/paper_replication/work/mfcc_cnn_segments_aligned/experiment_1/fold_4
Train files: 441
Test files: 108
Effective MFCC n_fft: 4096
Effective MFCC hop_length: 1024
Effective MFCC center: True
Effective MFCC CMVN: off
MFCC input shape: (1, 26, 24)
MFCC CNN conv_kernels: [3, 3, 2]
MFCC CNN pool_kernels: [3, 3, 2]
MFCC CNN conv_padding: valid
MFCC CNN flat_dim: 512
Device for MFCC CNN: cpu
Train segments: 8148 | Val segments: 2038
Test segments: 1902
Epoch 005: train_loss=0.6665 train_acc=0.7653 val_loss=0.5650 val_acc=0.8062
Epoch 010: train_loss=0.4104 train_acc=0.8540 val_loss=0.3869 val_acc=0.8675
Epoch 015: train_loss=0.2732 train_acc=0.9055 val_loss=0.3154 val_acc=0.8950
Epoch 020: train_loss=0.2041 train_acc=0.9275 val_loss=0.2768 val_acc=0.9122
Epoch 025: train_loss=0.1466 train_acc=0.9500 val_loss=0.3339 val_acc=0.8974
Epoch 030: train_loss=0.1200 train_acc=0.9596 val_loss=0.2560 val_acc=0.9176
Epoch 035: train_loss=0.0880 train_acc=0.9693 val_loss=0.2553 val_acc=0.9239
Epoch 040: train_loss=0.0739 train_acc=0.9769 val_loss=0.2569 val_acc=0.9259
Epoch 045: train_loss=0.0537 train_acc=0.9823 val_loss=0.2688 val_acc=0.9225
Epoch 050: train_loss=0.0477 train_acc=0.9847 val_loss=0.2442 val_acc=0.9308
Accuracy: 0.962963
Repo F1 from macro precision/recall: 0.962963
Sklearn macro F1: 0.962963
                   precision    recall  f1-score   support

alternate picking       1.00      1.00      1.00        18
           legato       0.94      0.94      0.94        18
          tapping       0.94      0.94      0.94        18
    sweep picking       1.00      1.00      1.00         9
          vibrato       1.00      1.00      1.00         9
        hammer on       0.89      0.89      0.89         9
         pull off       0.89      0.89      0.89         9
            slide       1.00      1.00      1.00         9
             bend       1.00      1.00      1.00         9

         accuracy                           0.96       108
        macro avg       0.96      0.96      0.96       108
     weighted avg       0.96      0.96      0.96       108

{
  "experiment_id": "experiment_1",
  "method": "mfcc_cnn_aligned",
  "split_schema": "folds",
  "num_folds": 5,
  "accuracy_mean_pct": 94.88888888888889,
  "accuracy_std_pct": 2.3088070185938823,
  "f1_mean_pct": 94.77982121660177,
  "f1_std_pct": 2.4696514966314065,
  "sklearn_macro_f1_mean_pct": 94.21082539540923,
  "sklearn_macro_f1_std_pct": 2.9723356068545677,
  "runtime_seconds": 5938.030856847763,
  "paper_target": {
    "accuracy_pct": 76.5,
    "f1_pct": 76.9,
    "f1_std_pct": 8.0
  },
  "notes": [
    "MFCC inputs use 26 coefficients, n_fft=4096, hop_length=1024, center=True, and no CMVN.",
    "Aligned Stage 3 MFCC audio is resampled to 48000 Hz with librosa.load(..., mono=True), matching the notebook resampling path; ffmpeg is used only for time segmentation of already-resampled FLOAT WAV audio.",
    "Notebook-strict aligned architecture uses conv_kernels=[3,3,2] with conv_padding=valid and pool_kernels=[3,3,2] with Keras same stride-2 pooling.",
    "Keras-default parity uses init_scheme=keras_glorot, bn_keras_defaults=True, optimizer_eps=1e-07.",
    "Aligned metrics use seeds=[0,1,2,3,4]: metrics are averaged across seeds within each fold, then summarized across fold means with t-based 95% CIs.",
    "Training wall-clock in compute_report.json is measured around fit_model only; confusion matrices are summed over seeds and folds for visualization.",
    "Optimizer is Adam with lr=0.0001, batch_size=32, epochs=50, and early_stopping=False.",
    "Training data comes from Stage 3 0.5-second clips; test WAVs are evaluated as 0.5-second MFCC windows and aggregated per file.",
    "Architecture follows the Alar et al. Proposed CNN pattern: Conv/MaxPool/BatchNorm blocks with 32, 64, and 128 channels.",
    "Dense(128) is followed by Dropout(0.5), matching the author Proposed notebook rather than the Benchmark dropout.",
    "The final layer is linear and has a 9-class guitar head.",
    "Primary F1 is the repo definition: harmonic mean of macro precision and macro recall."
  ],
  "seed_count": 5,
  "n_seeds_per_fold": 5,
  "accuracy_ci95_low_pct": 92.0221263351007,
  "accuracy_ci95_high_pct": 97.75565144267708,
  "f1_ci95_low_pct": 91.71334386512451,
  "f1_ci95_high_pct": 97.84629856807904
}
