Command: scripts/run_mfcc_experiment_2.sh
Config: configs/experiment_2.yaml
Started: 2026-05-03 03:58:43 EDT
{
  "experiment_id": "experiment_2",
  "config_path": "/Users/juansantiago/Desktop/MIT Classes 2023-2027/Spring 2026/6.S955/FinalProject/6.S955_project/paper_replication/configs/experiment_2.yaml",
  "paper_pdf": "/Users/juansantiago/Desktop/MIT Classes 2023-2027/Spring 2026/6.S955/FinalProject/Guitar_dataset.pdf",
  "paper_pdf_sha256": "66b89d0adbb286fa122556c2a301d0ffbff440fef46d7ec2d92c7d2c9a6e4caa",
  "dataset_root": "/Users/juansantiago/Desktop/MIT Classes 2023-2027/Spring 2026/6.S955/FinalProject/6.S955_project/guitar_style_dataset/magcil-guitar_style_dataset-eb27d7b/data",
  "wav_root": "/Users/juansantiago/Desktop/MIT Classes 2023-2027/Spring 2026/6.S955/FinalProject/6.S955_project/guitar_style_dataset/magcil-guitar_style_dataset-eb27d7b/data/wav",
  "split_json": "/Users/juansantiago/Desktop/MIT Classes 2023-2027/Spring 2026/6.S955/FinalProject/6.S955_project/guitar_style_dataset/magcil-guitar_style_dataset-eb27d7b/data/guitars.json",
  "split": {
    "split_sha256": "d206b0df81b611a94f65fe75924c636b39b1aa592ae419ad510d55b84e28f766",
    "num_folds": 3,
    "folds": [
      {
        "fold": "carvin",
        "train_files": 366,
        "test_files": 183,
        "train_test_overlap": 0
      },
      {
        "fold": "palm-bay",
        "train_files": 366,
        "test_files": 183,
        "train_test_overlap": 0
      },
      {
        "fold": "rwg",
        "train_files": 366,
        "test_files": 183,
        "train_test_overlap": 0
      }
    ],
    "unique_test_files": 549,
    "repeated_test_files": 0
  },
  "wav_inventory": {
    "wav_file_count": 549,
    "class_counts": {
      "alternate picking": 81,
      "bend": 54,
      "hammer on": 54,
      "legato": 81,
      "pull off": 54,
      "slide": 54,
      "sweep picking": 36,
      "tapping": 81,
      "vibrato": 54
    },
    "sample_rates": {
      "48000": 549
    },
    "channels": {
      "2": 549
    },
    "whole_second_segments_by_class": {
      "alternate picking": 466,
      "bend": 159,
      "hammer on": 1524,
      "legato": 391,
      "pull off": 1235,
      "slide": 1256,
      "sweep picking": 187,
      "tapping": 371,
      "vibrato": 455
    },
    "duration_summary_by_class": {
      "alternate picking": {
        "mean_seconds": 6.298074074074074,
        "min_seconds": 3.264,
        "max_seconds": 21.888
      },
      "bend": {
        "mean_seconds": 3.374617283950617,
        "min_seconds": 2.304,
        "max_seconds": 4.458666666666667
      },
      "hammer on": {
        "mean_seconds": 28.705580246913588,
        "min_seconds": 17.813333333333333,
        "max_seconds": 41.856
      },
      "legato": {
        "mean_seconds": 5.262748971193414,
        "min_seconds": 2.538666666666667,
        "max_seconds": 10.517333333333333
      },
      "pull off": {
        "mean_seconds": 23.399901234567906,
        "min_seconds": 16.981333333333332,
        "max_seconds": 38.69866666666667
      },
      "slide": {
        "mean_seconds": 23.777580246913587,
        "min_seconds": 20.181333333333335,
        "max_seconds": 27.861333333333334
      },
      "sweep picking": {
        "mean_seconds": 5.712592592592593,
        "min_seconds": 2.24,
        "max_seconds": 14.293333333333333
      },
      "tapping": {
        "mean_seconds": 5.02808230452675,
        "min_seconds": 2.7093333333333334,
        "max_seconds": 11.392
      },
      "vibrato": {
        "mean_seconds": 8.954469135802468,
        "min_seconds": 4.778666666666667,
        "max_seconds": 12.544
      }
    }
  },
  "archive_path": "/Users/juansantiago/Desktop/MIT Classes 2023-2027/Spring 2026/6.S955/FinalProject/6.S955_project/guitar_style_dataset-v1.0.0.zip",
  "archive_md5": "081794e5682b3e70e886dcd7344f3a8a"
}
Saved input validation to /Users/juansantiago/Desktop/MIT Classes 2023-2027/Spring 2026/6.S955/FinalProject/6.S955_project/paper_replication/results/experiment_2/input_validation.json
Torch version: 2.9.0
MFCC CNN experiment: experiment_2
Prepared segment work root: /Users/juansantiago/Desktop/MIT Classes 2023-2027/Spring 2026/6.S955/FinalProject/6.S955_project/paper_replication/work/mfcc_cnn_segments/experiment_2

================ MFCC CNN experiment_2 carvin ================
Preparing segmented directories in /Users/juansantiago/Desktop/MIT Classes 2023-2027/Spring 2026/6.S955/FinalProject/6.S955_project/paper_replication/work/mfcc_cnn_segments/experiment_2/carvin
Train files: 366
Test files: 183
MFCC input shape: (1, 40, 8)
Device for MFCC CNN: cpu
Train segments: 3040 | Val segments: 761
Test segments: 2243
Epoch 005: train_loss=0.6877 train_acc=0.7342 val_loss=1.7167 val_acc=0.4389
Epoch 010: train_loss=0.2620 train_acc=0.9125 val_loss=2.3196 val_acc=0.4862
Epoch 015: train_loss=0.1478 train_acc=0.9503 val_loss=2.8850 val_acc=0.4639
Epoch 020: train_loss=0.1441 train_acc=0.9493 val_loss=3.4013 val_acc=0.4192
Epoch 025: train_loss=0.1726 train_acc=0.9447 val_loss=3.4481 val_acc=0.4520
Epoch 030: train_loss=0.0709 train_acc=0.9766 val_loss=3.6236 val_acc=0.4363
Epoch 035: train_loss=0.0921 train_acc=0.9691 val_loss=4.1798 val_acc=0.4205
Epoch 040: train_loss=0.0667 train_acc=0.9806 val_loss=3.8516 val_acc=0.4323
Epoch 045: train_loss=0.0930 train_acc=0.9711 val_loss=3.9598 val_acc=0.4297
Epoch 050: train_loss=0.0734 train_acc=0.9743 val_loss=4.0413 val_acc=0.4442
Epoch 055: train_loss=0.0775 train_acc=0.9740 val_loss=3.8842 val_acc=0.4363
Early stopping at epoch 55 after 10 stale validations.
Accuracy: 0.409836
Repo F1 from macro precision/recall: 0.485765
Sklearn macro F1: 0.403872
                   precision    recall  f1-score   support

alternate picking       0.43      0.22      0.29        27
           legato       0.35      0.30      0.32        27
          tapping       0.47      0.33      0.39        27
    sweep picking       1.00      0.75      0.86        12
          vibrato       0.67      0.11      0.19        18
        hammer on       0.31      0.89      0.46        18
         pull off       0.20      0.17      0.18        18
            slide       0.41      1.00      0.58        18
             bend       1.00      0.22      0.36        18

         accuracy                           0.41       183
        macro avg       0.54      0.44      0.40       183
     weighted avg       0.50      0.41      0.38       183


================ MFCC CNN experiment_2 palm-bay ================
Preparing segmented directories in /Users/juansantiago/Desktop/MIT Classes 2023-2027/Spring 2026/6.S955/FinalProject/6.S955_project/paper_replication/work/mfcc_cnn_segments/experiment_2/palm-bay
Train files: 366
Test files: 183
MFCC input shape: (1, 40, 8)
Device for MFCC CNN: cpu
Train segments: 3357 | Val segments: 840
Test segments: 1847
Epoch 005: train_loss=0.7298 train_acc=0.7194 val_loss=1.6808 val_acc=0.4417
Epoch 010: train_loss=0.2985 train_acc=0.8940 val_loss=2.4858 val_acc=0.4226
Epoch 015: train_loss=0.1725 train_acc=0.9404 val_loss=3.1931 val_acc=0.3810
Epoch 020: train_loss=0.1397 train_acc=0.9508 val_loss=3.5321 val_acc=0.4071
Epoch 025: train_loss=0.1109 train_acc=0.9631 val_loss=3.5701 val_acc=0.4298
Epoch 030: train_loss=0.0950 train_acc=0.9693 val_loss=3.9143 val_acc=0.4036
Epoch 035: train_loss=0.0946 train_acc=0.9699 val_loss=4.3001 val_acc=0.4012
Epoch 040: train_loss=0.0895 train_acc=0.9729 val_loss=3.7719 val_acc=0.4095
Epoch 045: train_loss=0.0739 train_acc=0.9759 val_loss=4.0896 val_acc=0.4333
Epoch 050: train_loss=0.0780 train_acc=0.9753 val_loss=3.7707 val_acc=0.4345
Epoch 055: train_loss=0.0935 train_acc=0.9678 val_loss=4.0987 val_acc=0.4238
Early stopping at epoch 55 after 10 stale validations.
Accuracy: 0.453552
Repo F1 from macro precision/recall: 0.515249
Sklearn macro F1: 0.459169
                   precision    recall  f1-score   support

alternate picking       0.59      0.48      0.53        27
           legato       0.47      0.26      0.33        27
          tapping       0.45      0.19      0.26        27
    sweep picking       0.90      0.75      0.82        12
          vibrato       0.50      0.06      0.10        18
        hammer on       0.29      0.44      0.35        18
         pull off       0.24      0.61      0.35        18
            slide       0.46      1.00      0.63        18
             bend       1.00      0.61      0.76        18

         accuracy                           0.45       183
        macro avg       0.54      0.49      0.46       183
     weighted avg       0.53      0.45      0.44       183


================ MFCC CNN experiment_2 rwg ================
Preparing segmented directories in /Users/juansantiago/Desktop/MIT Classes 2023-2027/Spring 2026/6.S955/FinalProject/6.S955_project/paper_replication/work/mfcc_cnn_segments/experiment_2/rwg
Train files: 366
Test files: 183
MFCC input shape: (1, 40, 8)
Device for MFCC CNN: cpu
Train segments: 3272 | Val segments: 818
Test segments: 1954
Epoch 005: train_loss=0.7579 train_acc=0.7139 val_loss=1.7660 val_acc=0.4156
Epoch 010: train_loss=0.2566 train_acc=0.9117 val_loss=2.7441 val_acc=0.4120
Epoch 015: train_loss=0.1811 train_acc=0.9410 val_loss=3.2326 val_acc=0.4279
Epoch 020: train_loss=0.1329 train_acc=0.9563 val_loss=3.4729 val_acc=0.4120
Epoch 025: train_loss=0.0792 train_acc=0.9743 val_loss=3.5169 val_acc=0.4193
Epoch 030: train_loss=0.1398 train_acc=0.9520 val_loss=3.7815 val_acc=0.4034
Epoch 035: train_loss=0.0803 train_acc=0.9725 val_loss=3.7473 val_acc=0.4254
Epoch 040: train_loss=0.0979 train_acc=0.9685 val_loss=3.9734 val_acc=0.4267
Epoch 045: train_loss=0.0738 train_acc=0.9762 val_loss=4.2649 val_acc=0.4095
Epoch 050: train_loss=0.0812 train_acc=0.9743 val_loss=3.9905 val_acc=0.4120
Epoch 055: train_loss=0.0670 train_acc=0.9777 val_loss=4.1278 val_acc=0.4108
Early stopping at epoch 55 after 10 stale validations.
Accuracy: 0.497268
Repo F1 from macro precision/recall: 0.568053
Sklearn macro F1: 0.512716
                   precision    recall  f1-score   support

alternate picking       0.75      0.44      0.56        27
           legato       0.52      0.44      0.48        27
          tapping       0.57      0.15      0.24        27
    sweep picking       1.00      0.83      0.91        12
          vibrato       0.57      0.22      0.32        18
        hammer on       0.36      0.78      0.49        18
         pull off       0.23      0.39      0.29        18
            slide       0.45      1.00      0.62        18
             bend       1.00      0.56      0.71        18

         accuracy                           0.50       183
        macro avg       0.61      0.53      0.51       183
     weighted avg       0.59      0.50      0.49       183

{
  "experiment_id": "experiment_2",
  "method": "mfcc_cnn",
  "split_schema": "guitars",
  "num_folds": 3,
  "accuracy_mean_pct": 45.3551912568306,
  "accuracy_std_pct": 3.5693839603397852,
  "f1_mean_pct": 52.30225510172472,
  "f1_std_pct": 3.4040656178210384,
  "sklearn_macro_f1_mean_pct": 45.85855013877069,
  "sklearn_macro_f1_std_pct": 4.443717187610644,
  "runtime_seconds": 496.51810908317566,
  "paper_target": {
    "accuracy_pct": 81.1,
    "f1_pct": 83.1,
    "f1_std_pct": 1.2
  },
  "notes": [
    "MFCC inputs use 40 coefficients, n_fft=4096, hop_length=512, center=False, and per-clip CMVN.",
    "Every segment is resampled to 8 kHz for parity with the guitar-paper mel CNN harness.",
    "Training data comes from prepare_dirs 1-second clips; test WAVs are evaluated as 1-second MFCC windows and aggregated per file.",
    "Architecture follows the Alar et al. Proposed CNN pattern: Conv/MaxPool/BatchNorm blocks with 32, 64, and 128 channels.",
    "Dense(128) is followed by Dropout(0.5), matching the author Proposed notebook rather than the Benchmark dropout.",
    "The final layer is linear and has a 9-class guitar head.",
    "Primary F1 is the repo definition: harmonic mean of macro precision and macro recall."
  ]
}
experiment_id   method    status split_schema  num_folds  num_folds_completed  paper_accuracy_pct  reproduced_accuracy_pct  accuracy_delta_pct_points  paper_f1_pct  reproduced_f1_pct  f1_delta_pct_points  paper_f1_std_pct  reproduced_f1_std_pct                                                                                                                                                  summary_path  within_paper_f1_std
 experiment_1      svm completed        folds          5                    5                67.8                64.444444                  -3.355556          62.3          59.565402            -2.734598              11.6               7.274348      /Users/juansantiago/Desktop/MIT Classes 2023-2027/Spring 2026/6.S955/FinalProject/6.S955_project/paper_replication/results/experiment_1/svm/summary.json                 True
 experiment_1      cnn completed        folds          5                    5                76.5                74.074074                  -2.425926          76.9          75.366026            -1.533974               8.0               8.690167      /Users/juansantiago/Desktop/MIT Classes 2023-2027/Spring 2026/6.S955/FinalProject/6.S955_project/paper_replication/results/experiment_1/cnn/summary.json                 True
 experiment_1 mfcc_cnn completed        folds          5                    5                76.5                34.259259                 -42.240741          76.9          40.225810           -36.674190               8.0               4.789377 /Users/juansantiago/Desktop/MIT Classes 2023-2027/Spring 2026/6.S955/FinalProject/6.S955_project/paper_replication/results/experiment_1/mfcc_cnn/summary.json                False
 experiment_2      svm completed      guitars          3                    3                84.2                82.331512                  -1.868488          81.2          81.754051             0.554051               2.0               2.400978      /Users/juansantiago/Desktop/MIT Classes 2023-2027/Spring 2026/6.S955/FinalProject/6.S955_project/paper_replication/results/experiment_2/svm/summary.json                 True
 experiment_2      cnn completed      guitars          3                    3                81.1                82.331512                   1.231512          83.1          84.676516             1.576516               1.2               3.454567      /Users/juansantiago/Desktop/MIT Classes 2023-2027/Spring 2026/6.S955/FinalProject/6.S955_project/paper_replication/results/experiment_2/cnn/summary.json                False
 experiment_2 mfcc_cnn completed      guitars          3                    3                81.1                45.355191                 -35.744809          83.1          52.302255           -30.797745               1.2               3.404066 /Users/juansantiago/Desktop/MIT Classes 2023-2027/Spring 2026/6.S955/FinalProject/6.S955_project/paper_replication/results/experiment_2/mfcc_cnn/summary.json                False
 experiment_3      svm completed   amplifiers          3                    3                83.4                84.881603                   1.481603          81.9          85.291559             3.391559               5.0               3.174391      /Users/juansantiago/Desktop/MIT Classes 2023-2027/Spring 2026/6.S955/FinalProject/6.S955_project/paper_replication/results/experiment_3/svm/summary.json                 True
 experiment_3      cnn completed   amplifiers          3                    3                80.7                78.142077                  -2.557923          82.3          80.382369            -1.917631               3.7              10.877268      /Users/juansantiago/Desktop/MIT Classes 2023-2027/Spring 2026/6.S955/FinalProject/6.S955_project/paper_replication/results/experiment_3/cnn/summary.json                 True
 experiment_3 mfcc_cnn completed   amplifiers          3                    3                80.7                47.905282                 -32.794718          82.3          53.118878           -29.181122               3.7               3.608281 /Users/juansantiago/Desktop/MIT Classes 2023-2027/Spring 2026/6.S955/FinalProject/6.S955_project/paper_replication/results/experiment_3/mfcc_cnn/summary.json                False
Finished: 2026-05-03 04:07:31 EDT
Exit status: 0
