Torch version: 2.9.0
MFCC CNN experiment: experiment_3
MFCC CNN method: mfcc_cnn_aligned
Effective MFCC n_fft: 4096
Prepared segment work root: /Users/juansantiago/Desktop/MIT Classes 2023-2027/Spring 2026/6.S955/FinalProject/6.S955_project/paper_replication/work/mfcc_cnn_segments_aligned/experiment_3

================ MFCC CNN experiment_3 dc-modern ================
Variant config: variant=aligned SR=48000 seg=0.5s n_mfcc=26 n_fft=4096 hop=1024 center=True CMVN=off conv_kernels=[3,3,2] pool_kernels=[3,3,2] conv_padding=valid init=keras_glorot bn_keras=True adam_eps=1e-07 optimizer=Adam lr=0.0001 batch=32 epochs=50 early_stopping=False
Preparing segmented directories in /Users/juansantiago/Desktop/MIT Classes 2023-2027/Spring 2026/6.S955/FinalProject/6.S955_project/paper_replication/work/mfcc_cnn_segments_aligned/experiment_3/dc-modern
Train files: 366
Test files: 183
Effective MFCC n_fft: 4096
Effective MFCC hop_length: 1024
Effective MFCC center: True
Effective MFCC CMVN: off
MFCC input shape: (1, 26, 24)
MFCC CNN conv_kernels: [3, 3, 2]
MFCC CNN pool_kernels: [3, 3, 2]
MFCC CNN conv_padding: valid
MFCC CNN flat_dim: 512
Device for MFCC CNN: cpu
Train segments: 6561 | Val segments: 1641
Test segments: 3886
Epoch 005: train_loss=0.7365 train_acc=0.7406 val_loss=0.5517 val_acc=0.8184
Epoch 010: train_loss=0.4656 train_acc=0.8348 val_loss=0.3899 val_acc=0.8653
Epoch 015: train_loss=0.3194 train_acc=0.8877 val_loss=0.2978 val_acc=0.8988
Epoch 020: train_loss=0.2647 train_acc=0.9064 val_loss=0.2536 val_acc=0.9153
Epoch 025: train_loss=0.2135 train_acc=0.9276 val_loss=0.2613 val_acc=0.9068
Epoch 030: train_loss=0.1529 train_acc=0.9482 val_loss=0.2292 val_acc=0.9190
Epoch 035: train_loss=0.1367 train_acc=0.9506 val_loss=0.2357 val_acc=0.9116
Epoch 040: train_loss=0.1412 train_acc=0.9526 val_loss=0.2152 val_acc=0.9250
Epoch 045: train_loss=0.0846 train_acc=0.9747 val_loss=0.1928 val_acc=0.9311
Epoch 050: train_loss=0.1044 train_acc=0.9619 val_loss=0.2019 val_acc=0.9311
Accuracy: 0.770492
Repo F1 from macro precision/recall: 0.804125
Sklearn macro F1: 0.743625
                   precision    recall  f1-score   support

alternate picking       1.00      1.00      1.00        27
           legato       1.00      0.78      0.88        27
          tapping       1.00      0.81      0.90        27
    sweep picking       1.00      0.58      0.74        12
          vibrato       0.83      0.83      0.83        18
        hammer on       0.63      0.67      0.65        18
         pull off       1.00      0.11      0.20        18
            slide       0.36      1.00      0.53        18
             bend       1.00      0.94      0.97        18

         accuracy                           0.77       183
        macro avg       0.87      0.75      0.74       183
     weighted avg       0.88      0.77      0.77       183


================ MFCC CNN experiment_3 sl100 ================
Variant config: variant=aligned SR=48000 seg=0.5s n_mfcc=26 n_fft=4096 hop=1024 center=True CMVN=off conv_kernels=[3,3,2] pool_kernels=[3,3,2] conv_padding=valid init=keras_glorot bn_keras=True adam_eps=1e-07 optimizer=Adam lr=0.0001 batch=32 epochs=50 early_stopping=False
Preparing segmented directories in /Users/juansantiago/Desktop/MIT Classes 2023-2027/Spring 2026/6.S955/FinalProject/6.S955_project/paper_replication/work/mfcc_cnn_segments_aligned/experiment_3/sl100
Train files: 366
Test files: 183
Effective MFCC n_fft: 4096
Effective MFCC hop_length: 1024
Effective MFCC center: True
Effective MFCC CMVN: off
MFCC input shape: (1, 26, 24)
MFCC CNN conv_kernels: [3, 3, 2]
MFCC CNN pool_kernels: [3, 3, 2]
MFCC CNN conv_padding: valid
MFCC CNN flat_dim: 512
Device for MFCC CNN: cpu
Train segments: 6251 | Val segments: 1563
Test segments: 4274
Epoch 005: train_loss=0.7261 train_acc=0.7359 val_loss=0.5547 val_acc=0.8241
Epoch 010: train_loss=0.4497 train_acc=0.8397 val_loss=0.3722 val_acc=0.8695
Epoch 015: train_loss=0.3185 train_acc=0.8875 val_loss=0.2911 val_acc=0.8932
Epoch 020: train_loss=0.2239 train_acc=0.9175 val_loss=0.2556 val_acc=0.9021
Epoch 025: train_loss=0.1685 train_acc=0.9416 val_loss=0.2150 val_acc=0.9245
Epoch 030: train_loss=0.1298 train_acc=0.9574 val_loss=0.2013 val_acc=0.9264
Epoch 035: train_loss=0.1066 train_acc=0.9630 val_loss=0.2016 val_acc=0.9283
Epoch 040: train_loss=0.0786 train_acc=0.9742 val_loss=0.1898 val_acc=0.9309
Epoch 045: train_loss=0.0604 train_acc=0.9805 val_loss=0.1725 val_acc=0.9411
Epoch 050: train_loss=0.0480 train_acc=0.9832 val_loss=0.2356 val_acc=0.9194
Accuracy: 0.726776
Repo F1 from macro precision/recall: 0.709666
Sklearn macro F1: 0.666509
                   precision    recall  f1-score   support

alternate picking       1.00      0.96      0.98        27
           legato       1.00      0.33      0.50        27
          tapping       0.55      1.00      0.71        27
    sweep picking       0.00      0.00      0.00        12
          vibrato       0.89      0.89      0.89        18
        hammer on       0.73      0.44      0.55        18
         pull off       0.45      1.00      0.62        18
            slide       0.92      0.67      0.77        18
             bend       1.00      0.94      0.97        18

         accuracy                           0.73       183
        macro avg       0.73      0.69      0.67       183
     weighted avg       0.77      0.73      0.70       183


================ MFCC CNN experiment_3 plexiglass ================
Variant config: variant=aligned SR=48000 seg=0.5s n_mfcc=26 n_fft=4096 hop=1024 center=True CMVN=off conv_kernels=[3,3,2] pool_kernels=[3,3,2] conv_padding=valid init=keras_glorot bn_keras=True adam_eps=1e-07 optimizer=Adam lr=0.0001 batch=32 epochs=50 early_stopping=False
Preparing segmented directories in /Users/juansantiago/Desktop/MIT Classes 2023-2027/Spring 2026/6.S955/FinalProject/6.S955_project/paper_replication/work/mfcc_cnn_segments_aligned/experiment_3/plexiglass
Train files: 366
Test files: 183
Effective MFCC n_fft: 4096
Effective MFCC hop_length: 1024
Effective MFCC center: True
Effective MFCC CMVN: off
MFCC input shape: (1, 26, 24)
MFCC CNN conv_kernels: [3, 3, 2]
MFCC CNN pool_kernels: [3, 3, 2]
MFCC CNN conv_padding: valid
MFCC CNN flat_dim: 512
Device for MFCC CNN: cpu
Train segments: 6528 | Val segments: 1632
Test segments: 3928
Epoch 005: train_loss=0.7085 train_acc=0.7485 val_loss=0.5356 val_acc=0.8150
Epoch 010: train_loss=0.4134 train_acc=0.8595 val_loss=0.3405 val_acc=0.8866
Epoch 015: train_loss=0.2909 train_acc=0.9007 val_loss=0.2644 val_acc=0.9093
Epoch 020: train_loss=0.2085 train_acc=0.9292 val_loss=0.2192 val_acc=0.9222
Epoch 025: train_loss=0.1621 train_acc=0.9429 val_loss=0.2272 val_acc=0.9154
Epoch 030: train_loss=0.1190 train_acc=0.9609 val_loss=0.1946 val_acc=0.9240
Epoch 035: train_loss=0.0857 train_acc=0.9740 val_loss=0.1919 val_acc=0.9295
Epoch 040: train_loss=0.0733 train_acc=0.9761 val_loss=0.1842 val_acc=0.9363
Epoch 045: train_loss=0.0542 train_acc=0.9833 val_loss=0.2007 val_acc=0.9350
Epoch 050: train_loss=0.0485 train_acc=0.9835 val_loss=0.1824 val_acc=0.9344
Accuracy: 0.830601
Repo F1 from macro precision/recall: 0.846551
Sklearn macro F1: 0.825750
                   precision    recall  f1-score   support

alternate picking       1.00      1.00      1.00        27
           legato       0.71      0.93      0.81        27
          tapping       1.00      0.44      0.62        27
    sweep picking       0.85      0.92      0.88        12
          vibrato       0.90      1.00      0.95        18
        hammer on       0.82      0.78      0.80        18
         pull off       0.77      0.56      0.65        18
            slide       0.62      1.00      0.77        18
             bend       1.00      0.94      0.97        18

         accuracy                           0.83       183
        macro avg       0.85      0.84      0.83       183
     weighted avg       0.86      0.83      0.82       183

{
  "experiment_id": "experiment_3",
  "method": "mfcc_cnn_aligned",
  "split_schema": "amplifiers",
  "num_folds": 3,
  "accuracy_mean_pct": 77.59562841530054,
  "accuracy_std_pct": 4.256219105846238,
  "f1_mean_pct": 78.67807912582175,
  "f1_std_pct": 5.721336413247342,
  "sklearn_macro_f1_mean_pct": 74.52947688156435,
  "sklearn_macro_f1_std_pct": 6.502057840082181,
  "runtime_seconds": 753.8796780109406,
  "paper_target": {
    "accuracy_pct": 80.7,
    "f1_pct": 82.3,
    "f1_std_pct": 3.7
  },
  "notes": [
    "MFCC inputs use 26 coefficients, n_fft=4096, hop_length=1024, center=True, and no CMVN.",
    "Every Stage 3 MFCC segment is resampled to 48000 Hz from mfcc_cnn.sample_rate_hz.",
    "Notebook-strict aligned architecture uses conv_kernels=[3,3,2] with conv_padding=valid and pool_kernels=[3,3,2] with Keras same stride-2 pooling.",
    "Keras-default parity uses init_scheme=keras_glorot, bn_keras_defaults=True, optimizer_eps=1e-07.",
    "Optimizer is Adam with lr=0.0001, batch_size=32, epochs=50, and early_stopping=False.",
    "Training data comes from Stage 3 0.5-second clips; test WAVs are evaluated as 0.5-second MFCC windows and aggregated per file.",
    "Architecture follows the Alar et al. Proposed CNN pattern: Conv/MaxPool/BatchNorm blocks with 32, 64, and 128 channels.",
    "Dense(128) is followed by Dropout(0.5), matching the author Proposed notebook rather than the Benchmark dropout.",
    "The final layer is linear and has a 9-class guitar head.",
    "Primary F1 is the repo definition: harmonic mean of macro precision and macro recall."
  ]
}
